#
# There is insufficient memory for the Java Runtime Environment to continue.
# Native memory allocation (malloc) failed to allocate 1512176 bytes. Error detail: Chunk::new
# Possible reasons:
#   The system is out of physical RAM or swap space
#   This process is running with CompressedOops enabled, and the Java Heap may be blocking the growth of the native heap
# Possible solutions:
#   Reduce memory load on the system
#   Increase physical memory or swap space
#   Check if swap backing store is full
#   Decrease Java heap size (-Xmx/-Xms)
#   Decrease number of Java threads
#   Decrease Java thread stack sizes (-Xss)
#   Set larger code cache with -XX:ReservedCodeCacheSize=
#   JVM is running with Unscaled Compressed Oops mode in which the Java heap is
#     placed in the first 4GB address space. The Java Heap base address is the
#     maximum limit for the native heap growth. Please use -XX:HeapBaseMinAddress
#     to set the Java Heap base and to place the Java Heap above 4GB virtual address.
# This output file may be truncated or incomplete.
#
#  Out of Memory Error (arena.cpp:191), pid=28140, tid=3364
#
# JRE version: OpenJDK Runtime Environment Temurin-17.0.15+6 (17.0.15+6) (build 17.0.15+6)
# Java VM: OpenJDK 64-Bit Server VM Temurin-17.0.15+6 (17.0.15+6, mixed mode, sharing, tiered, compressed oops, compressed class ptrs, g1 gc, windows-amd64)
# No core dump will be written. Minidumps are not enabled by default on client versions of Windows
#

---------------  S U M M A R Y ------------

Command Line: --add-opens=java.base/java.lang=ALL-UNNAMED --add-opens=java.base/java.lang.invoke=ALL-UNNAMED --add-opens=java.base/java.util=ALL-UNNAMED --add-opens=java.prefs/java.util.prefs=ALL-UNNAMED --add-exports=jdk.compiler/com.sun.tools.javac.api=ALL-UNNAMED --add-exports=jdk.compiler/com.sun.tools.javac.util=ALL-UNNAMED --add-opens=java.base/java.util=ALL-UNNAMED --add-opens=java.prefs/java.util.prefs=ALL-UNNAMED --add-opens=java.base/java.nio.charset=ALL-UNNAMED --add-opens=java.base/java.net=ALL-UNNAMED --add-opens=java.base/java.util.concurrent.atomic=ALL-UNNAMED --add-opens=java.xml/javax.xml.namespace=ALL-UNNAMED -XX:MaxMetaspaceSize=512m -Xmx2048m -Dfile.encoding=windows-1252 -Duser.country=GB -Duser.language=en -Duser.variant -javaagent:C:\Users\cimeo\.gradle\wrapper\dists\gradle-8.14.1-bin\baw1sv0jfoi8rxs14qo3h49cs\gradle-8.14.1\lib\agents\gradle-instrumentation-agent-8.14.1.jar org.gradle.launcher.daemon.bootstrap.GradleDaemon 8.14.1

Host: AMD Ryzen 3 7320U with Radeon Graphics         , 8 cores, 7G,  Windows 11 , 64 bit Build 26100 (10.0.26100.4484)
Time: Tue Jul 15 18:17:44 2025 GMT Summer Time elapsed time: 45.898815 seconds (0d 0h 0m 45s)

---------------  T H R E A D  ---------------

Current thread (0x000001ef54007070):  JavaThread "C2 CompilerThread0" daemon [_thread_in_native, id=3364, stack(0x000000e012f00000,0x000000e013000000)]


Current CompileTask:
C2:  45899 7053       4       org.gradle.api.internal.changedetection.state.FallbackHandlingResourceHasher$$Lambda$894/0x000001ef566afa90::get (12 bytes)

Stack: [0x000000e012f00000,0x000000e013000000]
Native frames: (J=compiled Java code, j=interpreted, Vv=VM code, C=native code)
V  [jvm.dll+0x682fc9]
V  [jvm.dll+0x839878]
V  [jvm.dll+0x83b323]
V  [jvm.dll+0x83b993]
V  [jvm.dll+0x24725f]
V  [jvm.dll+0xacea4]
V  [jvm.dll+0xad53c]
V  [jvm.dll+0x365c1f]
V  [jvm.dll+0x32fe58]
V  [jvm.dll+0x32f2da]
V  [jvm.dll+0x21824f]
V  [jvm.dll+0x21768f]
V  [jvm.dll+0x1a31b0]
V  [jvm.dll+0x227a9c]
V  [jvm.dll+0x225bfb]
V  [jvm.dll+0x7ef018]
V  [jvm.dll+0x7e94dc]
V  [jvm.dll+0x681ea7]
C  [ucrtbase.dll+0x37b0]
C  [KERNEL32.DLL+0x2e8d7]
C  [ntdll.dll+0x3c34c]


---------------  P R O C E S S  ---------------

Threads class SMR info:
_java_thread_list=0x000001ef754cefd0, length=37, elements={
0x000001ef35b55e90, 0x000001ef53fe8190, 0x000001ef53fe8a60, 0x000001ef54004260,
0x000001ef54004b30, 0x000001ef54005400, 0x000001ef54005cd0, 0x000001ef54007070,
0x000001ef5400a1e0, 0x000001ef5400b290, 0x000001ef53fcf6a0, 0x000001ef5435a6f0,
0x000001ef74fc8450, 0x000001ef7443c240, 0x000001ef752e4fc0, 0x000001ef546d0be0,
0x000001ef54953b80, 0x000001ef7450d130, 0x000001ef745103d0, 0x000001ef7450e570,
0x000001ef7450ea80, 0x000001ef7450ef90, 0x000001ef7450d640, 0x000001ef7450f4a0,
0x000001ef7450e060, 0x000001ef5460c3d0, 0x000001ef5460e740, 0x000001ef5460d300,
0x000001ef5460d810, 0x000001ef5460cdf0, 0x000001ef5460bec0, 0x000001ef75d5bf90,
0x000001ef75d5e810, 0x000001ef75d5d8e0, 0x000001ef75d5ed20, 0x000001ef74c79050,
0x000001ef74c765d0
}

Java Threads: ( => current thread )
  0x000001ef35b55e90 JavaThread "main" [_thread_blocked, id=18924, stack(0x000000e012200000,0x000000e012300000)]
  0x000001ef53fe8190 JavaThread "Reference Handler" daemon [_thread_blocked, id=25728, stack(0x000000e012900000,0x000000e012a00000)]
  0x000001ef53fe8a60 JavaThread "Finalizer" daemon [_thread_blocked, id=26788, stack(0x000000e012a00000,0x000000e012b00000)]
  0x000001ef54004260 JavaThread "Signal Dispatcher" daemon [_thread_blocked, id=26000, stack(0x000000e012b00000,0x000000e012c00000)]
  0x000001ef54004b30 JavaThread "Attach Listener" daemon [_thread_blocked, id=28612, stack(0x000000e012c00000,0x000000e012d00000)]
  0x000001ef54005400 JavaThread "Service Thread" daemon [_thread_blocked, id=23656, stack(0x000000e012d00000,0x000000e012e00000)]
  0x000001ef54005cd0 JavaThread "Monitor Deflation Thread" daemon [_thread_blocked, id=17284, stack(0x000000e012e00000,0x000000e012f00000)]
=>0x000001ef54007070 JavaThread "C2 CompilerThread0" daemon [_thread_in_native, id=3364, stack(0x000000e012f00000,0x000000e013000000)]
  0x000001ef5400a1e0 JavaThread "C1 CompilerThread0" daemon [_thread_blocked, id=20792, stack(0x000000e013000000,0x000000e013100000)]
  0x000001ef5400b290 JavaThread "Sweeper thread" daemon [_thread_blocked, id=26840, stack(0x000000e013100000,0x000000e013200000)]
  0x000001ef53fcf6a0 JavaThread "Common-Cleaner" daemon [_thread_blocked, id=29220, stack(0x000000e013200000,0x000000e013300000)]
  0x000001ef5435a6f0 JavaThread "Notification Thread" daemon [_thread_blocked, id=24728, stack(0x000000e013300000,0x000000e013400000)]
  0x000001ef74fc8450 JavaThread "Daemon health stats" [_thread_blocked, id=17360, stack(0x000000e013a00000,0x000000e013b00000)]
  0x000001ef7443c240 JavaThread "Incoming local TCP Connector on port 55467" [_thread_in_native, id=21840, stack(0x000000e013b00000,0x000000e013c00000)]
  0x000001ef752e4fc0 JavaThread "Daemon periodic checks" [_thread_blocked, id=30580, stack(0x000000e013c00000,0x000000e013d00000)]
  0x000001ef546d0be0 JavaThread "Daemon" [_thread_blocked, id=25804, stack(0x000000e013d00000,0x000000e013e00000)]
  0x000001ef54953b80 JavaThread "Handler for socket connection from /127.0.0.1:55467 to /127.0.0.1:55468" [_thread_in_native, id=30208, stack(0x000000e013e00000,0x000000e013f00000)]
  0x000001ef7450d130 JavaThread "Cancel handler" [_thread_blocked, id=18064, stack(0x000000e013f00000,0x000000e014000000)]
  0x000001ef745103d0 JavaThread "Daemon worker" [_thread_in_Java, id=15816, stack(0x000000e014000000,0x000000e014100000)]
  0x000001ef7450e570 JavaThread "Asynchronous log dispatcher for DefaultDaemonConnection: socket connection from /127.0.0.1:55467 to /127.0.0.1:55468" [_thread_blocked, id=1104, stack(0x000000e014100000,0x000000e014200000)]
  0x000001ef7450ea80 JavaThread "Stdin handler" [_thread_blocked, id=31148, stack(0x000000e014200000,0x000000e014300000)]
  0x000001ef7450ef90 JavaThread "Daemon client event forwarder" [_thread_blocked, id=28892, stack(0x000000e014300000,0x000000e014400000)]
  0x000001ef7450d640 JavaThread "Cache worker for journal cache (C:\Users\cimeo\.gradle\caches\journal-1)" [_thread_blocked, id=18696, stack(0x000000e014400000,0x000000e014500000)]
  0x000001ef7450f4a0 JavaThread "File lock request listener" [_thread_in_native, id=16180, stack(0x000000e014500000,0x000000e014600000)]
  0x000001ef7450e060 JavaThread "Cache worker for file hash cache (C:\Users\cimeo\.gradle\caches\8.14.1\fileHashes)" [_thread_blocked, id=16624, stack(0x000000e014600000,0x000000e014700000)]
  0x000001ef5460c3d0 JavaThread "Cache worker for file hash cache (C:\Users\cimeo\OneDrive\Desktop\Ireport_FE\StudentIReport\android\.gradle\8.14.1\fileHashes)" [_thread_blocked, id=19072, stack(0x000000e014b00000,0x000000e014c00000)]
  0x000001ef5460e740 JavaThread "Cache worker for Build Output Cleanup Cache (C:\Users\cimeo\OneDrive\Desktop\Ireport_FE\StudentIReport\android\.gradle\buildOutputCleanup)" [_thread_blocked, id=26216, stack(0x000000e014c00000,0x000000e014d00000)]
  0x000001ef5460d300 JavaThread "File watcher server" daemon [_thread_in_native, id=13268, stack(0x000000e014e00000,0x000000e014f00000)]
  0x000001ef5460d810 JavaThread "File watcher consumer" daemon [_thread_blocked, id=3276, stack(0x000000e014f00000,0x000000e015000000)]
  0x000001ef5460cdf0 JavaThread "jar transforms" [_thread_blocked, id=2064, stack(0x000000e015000000,0x000000e015100000)]
  0x000001ef5460bec0 JavaThread "Cache worker for checksums cache (C:\Users\cimeo\OneDrive\Desktop\Ireport_FE\StudentIReport\android\.gradle\8.14.1\checksums)" [_thread_blocked, id=31208, stack(0x000000e015100000,0x000000e015200000)]
  0x000001ef75d5bf90 JavaThread "Cache worker for file content cache (C:\Users\cimeo\.gradle\caches\8.14.1\fileContent)" [_thread_blocked, id=27732, stack(0x000000e015200000,0x000000e015300000)]
  0x000001ef75d5e810 JavaThread "Cache worker for cache directory md-supplier (C:\Users\cimeo\.gradle\caches\8.14.1\md-supplier)" [_thread_blocked, id=9376, stack(0x000000e015300000,0x000000e015400000)]
  0x000001ef75d5d8e0 JavaThread "Cache worker for cache directory md-rule (C:\Users\cimeo\.gradle\caches\8.14.1\md-rule)" [_thread_blocked, id=4776, stack(0x000000e015400000,0x000000e015500000)]
  0x000001ef75d5ed20 JavaThread "Cache worker for Build Output Cleanup Cache (C:\Users\cimeo\OneDrive\Desktop\Ireport_FE\StudentIReport\node_modules\@react-native\gradle-plugin\.gradle\buildOutputCleanup)" [_thread_blocked, id=28056, stack(0x000000e015500000,0x000000e015600000)]
  0x000001ef74c79050 JavaThread "C2 CompilerThread1" daemon [_thread_in_native, id=28352, stack(0x000000e015700000,0x000000e015800000)]
  0x000001ef74c765d0 JavaThread "C2 CompilerThread2" daemon [_thread_in_native, id=31020, stack(0x000000e015800000,0x000000e015900000)]

Other Threads:
  0x000001ef53fe2a00 VMThread "VM Thread" [stack: 0x000000e012800000,0x000000e012900000] [id=4020]
  0x000001ef542be270 WatcherThread [stack: 0x000000e013400000,0x000000e013500000] [id=18968]
  0x000001ef35bb2af0 GCTaskThread "GC Thread#0" [stack: 0x000000e012300000,0x000000e012400000] [id=20948]
  0x000001ef54aaed90 GCTaskThread "GC Thread#1" [stack: 0x000000e013600000,0x000000e013700000] [id=9428]
  0x000001ef5466f1a0 GCTaskThread "GC Thread#2" [stack: 0x000000e013700000,0x000000e013800000] [id=6072]
  0x000001ef74326990 GCTaskThread "GC Thread#3" [stack: 0x000000e013500000,0x000000e013600000] [id=12632]
  0x000001ef74102b70 GCTaskThread "GC Thread#4" [stack: 0x000000e013800000,0x000000e013900000] [id=22932]
  0x000001ef75a975f0 GCTaskThread "GC Thread#5" [stack: 0x000000e014700000,0x000000e014800000] [id=2684]
  0x000001ef547d2df0 GCTaskThread "GC Thread#6" [stack: 0x000000e014800000,0x000000e014900000] [id=22308]
  0x000001ef75babff0 GCTaskThread "GC Thread#7" [stack: 0x000000e014900000,0x000000e014a00000] [id=21292]
  0x000001ef35bc4960 ConcurrentGCThread "G1 Main Marker" [stack: 0x000000e012400000,0x000000e012500000] [id=22024]
  0x000001ef35bc5290 ConcurrentGCThread "G1 Conc#0" [stack: 0x000000e012500000,0x000000e012600000] [id=8408]
  0x000001ef75f39c10 ConcurrentGCThread "G1 Conc#1" [stack: 0x000000e014d00000,0x000000e014e00000] [id=19132]
  0x000001ef53e8fa00 ConcurrentGCThread "G1 Refine#0" [stack: 0x000000e012600000,0x000000e012700000] [id=21032]
  0x000001ef543b6c50 ConcurrentGCThread "G1 Refine#1" [stack: 0x000000e013900000,0x000000e013a00000] [id=24720]
  0x000001ef53e910f0 ConcurrentGCThread "G1 Service" [stack: 0x000000e012700000,0x000000e012800000] [id=25904]

Threads with active compile tasks:
C2 CompilerThread0    46030 7053       4       org.gradle.api.internal.changedetection.state.FallbackHandlingResourceHasher$$Lambda$894/0x000001ef566afa90::get (12 bytes)
C2 CompilerThread1    46031 7135 %     4       org.objectweb.asm.ClassReader::readCode @ 2187 (5117 bytes)
C2 CompilerThread2    46031 7064       4       org.gradle.internal.io.IoSupplier$$Lambda$717/0x000001ef565797f0::get (8 bytes)

VM state: not at safepoint (normal execution)

VM Mutex/Monitor currently owned by a thread: None

Heap address: 0x0000000080000000, size: 2048 MB, Compressed Oops mode: 32-bit

CDS archive(s) mapped at: [0x000001ef55000000-0x000001ef55bb0000-0x000001ef55bb0000), size 12255232, SharedBaseAddress: 0x000001ef55000000, ArchiveRelocationMode: 1.
Compressed class space mapped at: 0x000001ef56000000-0x000001ef70000000, reserved size: 436207616
Narrow klass base: 0x000001ef55000000, Narrow klass shift: 0, Narrow klass range: 0x100000000

GC Precious Log:
 CPUs: 8 total, 8 available
 Memory: 7413M
 Large Page Support: Disabled
 NUMA Support: Disabled
 Compressed Oops: Enabled (32-bit)
 Heap Region Size: 1M
 Heap Min Capacity: 8M
 Heap Initial Capacity: 116M
 Heap Max Capacity: 2G
 Pre-touch: Disabled
 Parallel Workers: 8
 Concurrent Workers: 2
 Concurrent Refinement Workers: 8
 Periodic GC: Disabled

Heap:
 garbage-first heap   total 282624K, used 142040K [0x0000000080000000, 0x0000000100000000)
  region size 1024K, 74 young (75776K), 12 survivors (12288K)
 Metaspace       used 48340K, committed 48896K, reserved 491520K
  class space    used 6526K, committed 6784K, reserved 425984K

Heap Regions: E=young(eden), S=young(survivor), O=old, HS=humongous(starts), HC=humongous(continues), CS=collection set, F=free, OA=open archive, CA=closed archive, TAMS=top-at-mark-start (previous, next)
|   0|0x0000000080000000, 0x0000000080100000, 0x0000000080100000|100%|HS|  |TAMS 0x0000000080100000, 0x0000000080000000| Complete 
|   1|0x0000000080100000, 0x0000000080200000, 0x0000000080200000|100%|HC|  |TAMS 0x0000000080200000, 0x0000000080100000| Complete 
|   2|0x0000000080200000, 0x0000000080300000, 0x0000000080300000|100%|HC|  |TAMS 0x0000000080300000, 0x0000000080200000| Complete 
|   3|0x0000000080300000, 0x0000000080400000, 0x0000000080400000|100%| O|  |TAMS 0x0000000080400000, 0x0000000080300000| Untracked 
|   4|0x0000000080400000, 0x0000000080500000, 0x0000000080500000|100%| O|  |TAMS 0x0000000080500000, 0x0000000080400000| Untracked 
|   5|0x0000000080500000, 0x0000000080600000, 0x0000000080600000|100%| O|  |TAMS 0x0000000080600000, 0x0000000080500000| Untracked 
|   6|0x0000000080600000, 0x0000000080700000, 0x0000000080700000|100%|HS|  |TAMS 0x0000000080700000, 0x0000000080600000| Complete 
|   7|0x0000000080700000, 0x0000000080800000, 0x0000000080800000|100%| O|  |TAMS 0x0000000080800000, 0x0000000080700000| Untracked 
|   8|0x0000000080800000, 0x0000000080900000, 0x0000000080900000|100%| O|  |TAMS 0x0000000080900000, 0x0000000080800000| Untracked 
|   9|0x0000000080900000, 0x0000000080a00000, 0x0000000080a00000|100%| O|  |TAMS 0x0000000080a00000, 0x0000000080900000| Untracked 
|  10|0x0000000080a00000, 0x0000000080b00000, 0x0000000080b00000|100%| O|  |TAMS 0x0000000080b00000, 0x0000000080a00000| Untracked 
|  11|0x0000000080b00000, 0x0000000080c00000, 0x0000000080c00000|100%| O|  |TAMS 0x0000000080c00000, 0x0000000080b00000| Untracked 
|  12|0x0000000080c00000, 0x0000000080d00000, 0x0000000080d00000|100%| O|  |TAMS 0x0000000080d00000, 0x0000000080c00000| Untracked 
|  13|0x0000000080d00000, 0x0000000080e00000, 0x0000000080e00000|100%| O|  |TAMS 0x0000000080e00000, 0x0000000080d00000| Untracked 
|  14|0x0000000080e00000, 0x0000000080f00000, 0x0000000080f00000|100%| O|  |TAMS 0x0000000080f00000, 0x0000000080e00000| Untracked 
|  15|0x0000000080f00000, 0x0000000081000000, 0x0000000081000000|100%| O|  |TAMS 0x0000000081000000, 0x0000000080f00000| Untracked 
|  16|0x0000000081000000, 0x0000000081100000, 0x0000000081100000|100%| O|  |TAMS 0x0000000081100000, 0x0000000081000000| Untracked 
|  17|0x0000000081100000, 0x0000000081200000, 0x0000000081200000|100%| O|  |TAMS 0x0000000081200000, 0x0000000081100000| Untracked 
|  18|0x0000000081200000, 0x0000000081300000, 0x0000000081300000|100%| O|  |TAMS 0x0000000081300000, 0x0000000081200000| Untracked 
|  19|0x0000000081300000, 0x0000000081400000, 0x0000000081400000|100%| O|  |TAMS 0x0000000081400000, 0x0000000081300000| Untracked 
|  20|0x0000000081400000, 0x0000000081500000, 0x0000000081500000|100%| O|  |TAMS 0x0000000081400000, 0x0000000081400000| Untracked 
|  21|0x0000000081500000, 0x0000000081600000, 0x0000000081600000|100%| O|  |TAMS 0x0000000081600000, 0x0000000081500000| Untracked 
|  22|0x0000000081600000, 0x0000000081700000, 0x0000000081700000|100%| O|  |TAMS 0x0000000081700000, 0x0000000081600000| Untracked 
|  23|0x0000000081700000, 0x0000000081800000, 0x0000000081800000|100%| O|  |TAMS 0x0000000081800000, 0x0000000081700000| Untracked 
|  24|0x0000000081800000, 0x0000000081900000, 0x0000000081900000|100%| O|  |TAMS 0x0000000081900000, 0x0000000081800000| Untracked 
|  25|0x0000000081900000, 0x0000000081a00000, 0x0000000081a00000|100%| O|  |TAMS 0x0000000081a00000, 0x0000000081900000| Untracked 
|  26|0x0000000081a00000, 0x0000000081b00000, 0x0000000081b00000|100%| O|  |TAMS 0x0000000081b00000, 0x0000000081a00000| Untracked 
|  27|0x0000000081b00000, 0x0000000081c00000, 0x0000000081c00000|100%| O|  |TAMS 0x0000000081c00000, 0x0000000081b00000| Untracked 
|  28|0x0000000081c00000, 0x0000000081d00000, 0x0000000081d00000|100%| O|  |TAMS 0x0000000081c00000, 0x0000000081c00000| Untracked 
|  29|0x0000000081d00000, 0x0000000081e00000, 0x0000000081e00000|100%| O|  |TAMS 0x0000000081d00000, 0x0000000081d00000| Untracked 
|  30|0x0000000081e00000, 0x0000000081f00000, 0x0000000081f00000|100%| O|  |TAMS 0x0000000081e00000, 0x0000000081e00000| Untracked 
|  31|0x0000000081f00000, 0x0000000082000000, 0x0000000082000000|100%| O|  |TAMS 0x0000000081f00000, 0x0000000081f00000| Untracked 
|  32|0x0000000082000000, 0x0000000082100000, 0x0000000082100000|100%| O|  |TAMS 0x0000000082000000, 0x0000000082000000| Untracked 
|  33|0x0000000082100000, 0x0000000082200000, 0x0000000082200000|100%| O|  |TAMS 0x0000000082100000, 0x0000000082100000| Untracked 
|  34|0x0000000082200000, 0x0000000082300000, 0x0000000082300000|100%| O|  |TAMS 0x0000000082200000, 0x0000000082200000| Untracked 
|  35|0x0000000082300000, 0x0000000082400000, 0x0000000082400000|100%| O|  |TAMS 0x0000000082400000, 0x0000000082300000| Untracked 
|  36|0x0000000082400000, 0x0000000082500000, 0x0000000082500000|100%| O|  |TAMS 0x0000000082411400, 0x0000000082400000| Untracked 
|  37|0x0000000082500000, 0x0000000082600000, 0x0000000082600000|100%| O|  |TAMS 0x0000000082500000, 0x0000000082500000| Untracked 
|  38|0x0000000082600000, 0x0000000082700000, 0x0000000082700000|100%| O|  |TAMS 0x0000000082600000, 0x0000000082600000| Untracked 
|  39|0x0000000082700000, 0x0000000082800000, 0x0000000082800000|100%| O|  |TAMS 0x0000000082700000, 0x0000000082700000| Untracked 
|  40|0x0000000082800000, 0x0000000082900000, 0x0000000082900000|100%| O|  |TAMS 0x0000000082800000, 0x0000000082800000| Untracked 
|  41|0x0000000082900000, 0x0000000082a00000, 0x0000000082a00000|100%| O|  |TAMS 0x0000000082900000, 0x0000000082900000| Untracked 
|  42|0x0000000082a00000, 0x0000000082b00000, 0x0000000082b00000|100%| O|  |TAMS 0x0000000082a00000, 0x0000000082a00000| Untracked 
|  43|0x0000000082b00000, 0x0000000082c00000, 0x0000000082c00000|100%| O|  |TAMS 0x0000000082b00000, 0x0000000082b00000| Untracked 
|  44|0x0000000082c00000, 0x0000000082d00000, 0x0000000082d00000|100%| O|  |TAMS 0x0000000082c00000, 0x0000000082c00000| Untracked 
|  45|0x0000000082d00000, 0x0000000082e00000, 0x0000000082e00000|100%| O|  |TAMS 0x0000000082d00000, 0x0000000082d00000| Untracked 
|  46|0x0000000082e00000, 0x0000000082f00000, 0x0000000082f00000|100%| O|  |TAMS 0x0000000082e00000, 0x0000000082e00000| Untracked 
|  47|0x0000000082f00000, 0x0000000083000000, 0x0000000083000000|100%| O|  |TAMS 0x0000000082f00000, 0x0000000082f00000| Untracked 
|  48|0x0000000083000000, 0x0000000083100000, 0x0000000083100000|100%| O|  |TAMS 0x0000000083000000, 0x0000000083000000| Untracked 
|  49|0x0000000083100000, 0x0000000083200000, 0x0000000083200000|100%| O|  |TAMS 0x0000000083100000, 0x0000000083100000| Untracked 
|  50|0x0000000083200000, 0x0000000083300000, 0x0000000083300000|100%| O|  |TAMS 0x0000000083200000, 0x0000000083200000| Untracked 
|  51|0x0000000083300000, 0x0000000083400000, 0x0000000083400000|100%| O|  |TAMS 0x0000000083300000, 0x0000000083300000| Untracked 
|  52|0x0000000083400000, 0x0000000083500000, 0x0000000083500000|100%| O|  |TAMS 0x0000000083400000, 0x0000000083400000| Untracked 
|  53|0x0000000083500000, 0x0000000083600000, 0x0000000083600000|100%| O|  |TAMS 0x0000000083500000, 0x0000000083500000| Untracked 
|  54|0x0000000083600000, 0x0000000083700000, 0x0000000083700000|100%| O|  |TAMS 0x0000000083600000, 0x0000000083600000| Untracked 
|  55|0x0000000083700000, 0x0000000083800000, 0x0000000083800000|100%|HS|  |TAMS 0x0000000083700000, 0x0000000083700000| Complete 
|  56|0x0000000083800000, 0x0000000083900000, 0x0000000083900000|100%| O|  |TAMS 0x0000000083800000, 0x0000000083800000| Untracked 
|  57|0x0000000083900000, 0x0000000083a00000, 0x0000000083a00000|100%| O|  |TAMS 0x0000000083900000, 0x0000000083900000| Untracked 
|  58|0x0000000083a00000, 0x0000000083ad7c00, 0x0000000083b00000| 84%| O|  |TAMS 0x0000000083a00000, 0x0000000083a00000| Untracked 
|  59|0x0000000083b00000, 0x0000000083b00000, 0x0000000083c00000|  0%| F|  |TAMS 0x0000000083b00000, 0x0000000083b00000| Untracked 
|  60|0x0000000083c00000, 0x0000000083c00000, 0x0000000083d00000|  0%| F|  |TAMS 0x0000000083c00000, 0x0000000083c00000| Untracked 
|  61|0x0000000083d00000, 0x0000000083d00000, 0x0000000083e00000|  0%| F|  |TAMS 0x0000000083d00000, 0x0000000083d00000| Untracked 
|  62|0x0000000083e00000, 0x0000000083e00000, 0x0000000083f00000|  0%| F|  |TAMS 0x0000000083e00000, 0x0000000083e00000| Untracked 
|  63|0x0000000083f00000, 0x0000000083f00000, 0x0000000084000000|  0%| F|  |TAMS 0x0000000083f00000, 0x0000000083f00000| Untracked 
|  64|0x0000000084000000, 0x0000000084000000, 0x0000000084100000|  0%| F|  |TAMS 0x0000000084000000, 0x0000000084000000| Untracked 
|  65|0x0000000084100000, 0x0000000084200000, 0x0000000084200000|100%|HS|  |TAMS 0x0000000084100000, 0x0000000084100000| Complete 
|  66|0x0000000084200000, 0x0000000084300000, 0x0000000084300000|100%|HC|  |TAMS 0x0000000084200000, 0x0000000084200000| Complete 
|  67|0x0000000084300000, 0x0000000084400000, 0x0000000084400000|100%|HC|  |TAMS 0x0000000084300000, 0x0000000084300000| Complete 
|  68|0x0000000084400000, 0x0000000084500000, 0x0000000084500000|100%|HC|  |TAMS 0x0000000084400000, 0x0000000084400000| Complete 
|  69|0x0000000084500000, 0x0000000084600000, 0x0000000084600000|100%|HC|  |TAMS 0x0000000084500000, 0x0000000084500000| Complete 
|  70|0x0000000084600000, 0x0000000084700000, 0x0000000084700000|100%|HC|  |TAMS 0x0000000084600000, 0x0000000084600000| Complete 
|  71|0x0000000084700000, 0x0000000084800000, 0x0000000084800000|100%|HS|  |TAMS 0x0000000084700000, 0x0000000084700000| Complete 
|  72|0x0000000084800000, 0x0000000084800000, 0x0000000084900000|  0%| F|  |TAMS 0x0000000084800000, 0x0000000084800000| Untracked 
|  73|0x0000000084900000, 0x0000000084900000, 0x0000000084a00000|  0%| F|  |TAMS 0x0000000084900000, 0x0000000084900000| Untracked 
|  74|0x0000000084a00000, 0x0000000084a00000, 0x0000000084b00000|  0%| F|  |TAMS 0x0000000084a00000, 0x0000000084a00000| Untracked 
|  75|0x0000000084b00000, 0x0000000084b00000, 0x0000000084c00000|  0%| F|  |TAMS 0x0000000084b00000, 0x0000000084b00000| Untracked 
|  76|0x0000000084c00000, 0x0000000084c00000, 0x0000000084d00000|  0%| F|  |TAMS 0x0000000084c00000, 0x0000000084c00000| Untracked 
|  77|0x0000000084d00000, 0x0000000084d00000, 0x0000000084e00000|  0%| F|  |TAMS 0x0000000084d00000, 0x0000000084d00000| Untracked 
|  78|0x0000000084e00000, 0x0000000084e00000, 0x0000000084f00000|  0%| F|  |TAMS 0x0000000084e00000, 0x0000000084e00000| Untracked 
|  79|0x0000000084f00000, 0x0000000084f00000, 0x0000000085000000|  0%| F|  |TAMS 0x0000000084f00000, 0x0000000084f00000| Untracked 
|  80|0x0000000085000000, 0x0000000085000000, 0x0000000085100000|  0%| F|  |TAMS 0x0000000085000000, 0x0000000085000000| Untracked 
|  81|0x0000000085100000, 0x0000000085100000, 0x0000000085200000|  0%| F|  |TAMS 0x0000000085100000, 0x0000000085100000| Untracked 
|  82|0x0000000085200000, 0x0000000085200000, 0x0000000085300000|  0%| F|  |TAMS 0x0000000085200000, 0x0000000085200000| Untracked 
|  83|0x0000000085300000, 0x0000000085300000, 0x0000000085400000|  0%| F|  |TAMS 0x0000000085300000, 0x0000000085300000| Untracked 
|  84|0x0000000085400000, 0x0000000085400000, 0x0000000085500000|  0%| F|  |TAMS 0x0000000085400000, 0x0000000085400000| Untracked 
|  85|0x0000000085500000, 0x0000000085500000, 0x0000000085600000|  0%| F|  |TAMS 0x0000000085500000, 0x0000000085500000| Untracked 
|  86|0x0000000085600000, 0x0000000085600000, 0x0000000085700000|  0%| F|  |TAMS 0x0000000085600000, 0x0000000085600000| Untracked 
|  87|0x0000000085700000, 0x0000000085700000, 0x0000000085800000|  0%| F|  |TAMS 0x0000000085700000, 0x0000000085700000| Untracked 
|  88|0x0000000085800000, 0x0000000085800000, 0x0000000085900000|  0%| F|  |TAMS 0x0000000085800000, 0x0000000085800000| Untracked 
|  89|0x0000000085900000, 0x0000000085900000, 0x0000000085a00000|  0%| F|  |TAMS 0x0000000085900000, 0x0000000085900000| Untracked 
|  90|0x0000000085a00000, 0x0000000085a00000, 0x0000000085b00000|  0%| F|  |TAMS 0x0000000085a00000, 0x0000000085a00000| Untracked 
|  91|0x0000000085b00000, 0x0000000085b00000, 0x0000000085c00000|  0%| F|  |TAMS 0x0000000085b00000, 0x0000000085b00000| Untracked 
|  92|0x0000000085c00000, 0x0000000085c00000, 0x0000000085d00000|  0%| F|  |TAMS 0x0000000085c00000, 0x0000000085c00000| Untracked 
|  93|0x0000000085d00000, 0x0000000085d00000, 0x0000000085e00000|  0%| F|  |TAMS 0x0000000085d00000, 0x0000000085d00000| Untracked 
|  94|0x0000000085e00000, 0x0000000085e00000, 0x0000000085f00000|  0%| F|  |TAMS 0x0000000085e00000, 0x0000000085e00000| Untracked 
|  95|0x0000000085f00000, 0x0000000085f00000, 0x0000000086000000|  0%| F|  |TAMS 0x0000000085f00000, 0x0000000085f00000| Untracked 
|  96|0x0000000086000000, 0x0000000086000000, 0x0000000086100000|  0%| F|  |TAMS 0x0000000086000000, 0x0000000086000000| Untracked 
|  97|0x0000000086100000, 0x0000000086100000, 0x0000000086200000|  0%| F|  |TAMS 0x0000000086100000, 0x0000000086100000| Untracked 
|  98|0x0000000086200000, 0x0000000086200000, 0x0000000086300000|  0%| F|  |TAMS 0x0000000086200000, 0x0000000086200000| Untracked 
|  99|0x0000000086300000, 0x00000000863de4e0, 0x0000000086400000| 86%| S|CS|TAMS 0x0000000086300000, 0x0000000086300000| Complete 
| 100|0x0000000086400000, 0x0000000086400000, 0x0000000086500000|  0%| F|  |TAMS 0x0000000086400000, 0x0000000086400000| Untracked 
| 101|0x0000000086500000, 0x0000000086500000, 0x0000000086600000|  0%| F|  |TAMS 0x0000000086500000, 0x0000000086500000| Untracked 
| 102|0x0000000086600000, 0x0000000086600000, 0x0000000086700000|  0%| F|  |TAMS 0x0000000086600000, 0x0000000086600000| Untracked 
| 103|0x0000000086700000, 0x0000000086800000, 0x0000000086800000|100%| S|CS|TAMS 0x0000000086700000, 0x0000000086700000| Complete 
| 104|0x0000000086800000, 0x0000000086800000, 0x0000000086900000|  0%| F|  |TAMS 0x0000000086800000, 0x0000000086800000| Untracked 
| 105|0x0000000086900000, 0x0000000086a00000, 0x0000000086a00000|100%| S|CS|TAMS 0x0000000086900000, 0x0000000086900000| Complete 
| 106|0x0000000086a00000, 0x0000000086a00000, 0x0000000086b00000|  0%| F|  |TAMS 0x0000000086a00000, 0x0000000086a00000| Untracked 
| 107|0x0000000086b00000, 0x0000000086b00000, 0x0000000086c00000|  0%| F|  |TAMS 0x0000000086b00000, 0x0000000086b00000| Untracked 
| 108|0x0000000086c00000, 0x0000000086c00000, 0x0000000086d00000|  0%| F|  |TAMS 0x0000000086c00000, 0x0000000086c00000| Untracked 
| 109|0x0000000086d00000, 0x0000000086d00000, 0x0000000086e00000|  0%| F|  |TAMS 0x0000000086d00000, 0x0000000086d00000| Untracked 
| 110|0x0000000086e00000, 0x0000000086f00000, 0x0000000086f00000|100%| S|CS|TAMS 0x0000000086e00000, 0x0000000086e00000| Complete 
| 111|0x0000000086f00000, 0x0000000087000000, 0x0000000087000000|100%| S|CS|TAMS 0x0000000086f00000, 0x0000000086f00000| Complete 
| 112|0x0000000087000000, 0x0000000087100000, 0x0000000087100000|100%| S|CS|TAMS 0x0000000087000000, 0x0000000087000000| Complete 
| 113|0x0000000087100000, 0x0000000087200000, 0x0000000087200000|100%| S|CS|TAMS 0x0000000087100000, 0x0000000087100000| Complete 
| 114|0x0000000087200000, 0x0000000087300000, 0x0000000087300000|100%| S|CS|TAMS 0x0000000087200000, 0x0000000087200000| Complete 
| 115|0x0000000087300000, 0x0000000087300000, 0x0000000087400000|  0%| F|  |TAMS 0x0000000087300000, 0x0000000087300000| Untracked 
| 116|0x0000000087400000, 0x0000000087400000, 0x0000000087500000|  0%| F|  |TAMS 0x0000000087400000, 0x0000000087400000| Untracked 
| 117|0x0000000087500000, 0x0000000087600000, 0x0000000087600000|100%| S|CS|TAMS 0x0000000087500000, 0x0000000087500000| Complete 
| 118|0x0000000087600000, 0x0000000087600000, 0x0000000087700000|  0%| F|  |TAMS 0x0000000087600000, 0x0000000087600000| Untracked 
| 119|0x0000000087700000, 0x0000000087800000, 0x0000000087800000|100%| S|CS|TAMS 0x0000000087700000, 0x0000000087700000| Complete 
| 120|0x0000000087800000, 0x0000000087900000, 0x0000000087900000|100%| S|CS|TAMS 0x0000000087800000, 0x0000000087800000| Complete 
| 121|0x0000000087900000, 0x0000000087a00000, 0x0000000087a00000|100%| S|CS|TAMS 0x0000000087900000, 0x0000000087900000| Complete 
| 122|0x0000000087a00000, 0x0000000087a00000, 0x0000000087b00000|  0%| F|  |TAMS 0x0000000087a00000, 0x0000000087a00000| Untracked 
| 123|0x0000000087b00000, 0x0000000087b00000, 0x0000000087c00000|  0%| F|  |TAMS 0x0000000087b00000, 0x0000000087b00000| Untracked 
| 124|0x0000000087c00000, 0x0000000087c00000, 0x0000000087d00000|  0%| F|  |TAMS 0x0000000087c00000, 0x0000000087c00000| Untracked 
| 125|0x0000000087d00000, 0x0000000087d00000, 0x0000000087e00000|  0%| F|  |TAMS 0x0000000087d00000, 0x0000000087d00000| Untracked 
| 126|0x0000000087e00000, 0x0000000087e00000, 0x0000000087f00000|  0%| F|  |TAMS 0x0000000087e00000, 0x0000000087e00000| Untracked 
| 127|0x0000000087f00000, 0x0000000087f00000, 0x0000000088000000|  0%| F|  |TAMS 0x0000000087f00000, 0x0000000087f00000| Untracked 
| 128|0x0000000088000000, 0x0000000088000000, 0x0000000088100000|  0%| F|  |TAMS 0x0000000088000000, 0x0000000088000000| Untracked 
| 129|0x0000000088100000, 0x0000000088100000, 0x0000000088200000|  0%| F|  |TAMS 0x0000000088100000, 0x0000000088100000| Untracked 
| 130|0x0000000088200000, 0x0000000088200000, 0x0000000088300000|  0%| F|  |TAMS 0x0000000088200000, 0x0000000088200000| Untracked 
| 131|0x0000000088300000, 0x0000000088300000, 0x0000000088400000|  0%| F|  |TAMS 0x0000000088300000, 0x0000000088300000| Untracked 
| 132|0x0000000088400000, 0x0000000088400000, 0x0000000088500000|  0%| F|  |TAMS 0x0000000088400000, 0x0000000088400000| Untracked 
| 133|0x0000000088500000, 0x0000000088500000, 0x0000000088600000|  0%| F|  |TAMS 0x0000000088500000, 0x0000000088500000| Untracked 
| 134|0x0000000088600000, 0x0000000088600000, 0x0000000088700000|  0%| F|  |TAMS 0x0000000088600000, 0x0000000088600000| Untracked 
| 135|0x0000000088700000, 0x0000000088700000, 0x0000000088800000|  0%| F|  |TAMS 0x0000000088700000, 0x0000000088700000| Untracked 
| 136|0x0000000088800000, 0x0000000088800000, 0x0000000088900000|  0%| F|  |TAMS 0x0000000088800000, 0x0000000088800000| Untracked 
| 137|0x0000000088900000, 0x0000000088900000, 0x0000000088a00000|  0%| F|  |TAMS 0x0000000088900000, 0x0000000088900000| Untracked 
| 138|0x0000000088a00000, 0x0000000088a00000, 0x0000000088b00000|  0%| F|  |TAMS 0x0000000088a00000, 0x0000000088a00000| Untracked 
| 139|0x0000000088b00000, 0x0000000088b00000, 0x0000000088c00000|  0%| F|  |TAMS 0x0000000088b00000, 0x0000000088b00000| Untracked 
| 140|0x0000000088c00000, 0x0000000088c00000, 0x0000000088d00000|  0%| F|  |TAMS 0x0000000088c00000, 0x0000000088c00000| Untracked 
| 141|0x0000000088d00000, 0x0000000088d00000, 0x0000000088e00000|  0%| F|  |TAMS 0x0000000088d00000, 0x0000000088d00000| Untracked 
| 142|0x0000000088e00000, 0x0000000088e00000, 0x0000000088f00000|  0%| F|  |TAMS 0x0000000088e00000, 0x0000000088e00000| Untracked 
| 143|0x0000000088f00000, 0x0000000088f00000, 0x0000000089000000|  0%| F|  |TAMS 0x0000000088f00000, 0x0000000088f00000| Untracked 
| 144|0x0000000089000000, 0x0000000089000000, 0x0000000089100000|  0%| F|  |TAMS 0x0000000089000000, 0x0000000089000000| Untracked 
| 145|0x0000000089100000, 0x0000000089100000, 0x0000000089200000|  0%| F|  |TAMS 0x0000000089100000, 0x0000000089100000| Untracked 
| 146|0x0000000089200000, 0x0000000089200000, 0x0000000089300000|  0%| F|  |TAMS 0x0000000089200000, 0x0000000089200000| Untracked 
| 147|0x0000000089300000, 0x0000000089300000, 0x0000000089400000|  0%| F|  |TAMS 0x0000000089300000, 0x0000000089300000| Untracked 
| 148|0x0000000089400000, 0x0000000089400000, 0x0000000089500000|  0%| F|  |TAMS 0x0000000089400000, 0x0000000089400000| Untracked 
| 149|0x0000000089500000, 0x0000000089500000, 0x0000000089600000|  0%| F|  |TAMS 0x0000000089500000, 0x0000000089500000| Untracked 
| 150|0x0000000089600000, 0x0000000089600000, 0x0000000089700000|  0%| F|  |TAMS 0x0000000089600000, 0x0000000089600000| Untracked 
| 151|0x0000000089700000, 0x0000000089700000, 0x0000000089800000|  0%| F|  |TAMS 0x0000000089700000, 0x0000000089700000| Untracked 
| 152|0x0000000089800000, 0x0000000089800000, 0x0000000089900000|  0%| F|  |TAMS 0x0000000089800000, 0x0000000089800000| Untracked 
| 153|0x0000000089900000, 0x0000000089900000, 0x0000000089a00000|  0%| F|  |TAMS 0x0000000089900000, 0x0000000089900000| Untracked 
| 154|0x0000000089a00000, 0x0000000089a00000, 0x0000000089b00000|  0%| F|  |TAMS 0x0000000089a00000, 0x0000000089a00000| Untracked 
| 155|0x0000000089b00000, 0x0000000089b00000, 0x0000000089c00000|  0%| F|  |TAMS 0x0000000089b00000, 0x0000000089b00000| Untracked 
| 156|0x0000000089c00000, 0x0000000089c00000, 0x0000000089d00000|  0%| F|  |TAMS 0x0000000089c00000, 0x0000000089c00000| Untracked 
| 157|0x0000000089d00000, 0x0000000089d00000, 0x0000000089e00000|  0%| F|  |TAMS 0x0000000089d00000, 0x0000000089d00000| Untracked 
| 158|0x0000000089e00000, 0x0000000089e00000, 0x0000000089f00000|  0%| F|  |TAMS 0x0000000089e00000, 0x0000000089e00000| Untracked 
| 159|0x0000000089f00000, 0x0000000089f00000, 0x000000008a000000|  0%| F|  |TAMS 0x0000000089f00000, 0x0000000089f00000| Untracked 
| 160|0x000000008a000000, 0x000000008a000000, 0x000000008a100000|  0%| F|  |TAMS 0x000000008a000000, 0x000000008a000000| Untracked 
| 161|0x000000008a100000, 0x000000008a100000, 0x000000008a200000|  0%| F|  |TAMS 0x000000008a100000, 0x000000008a100000| Untracked 
| 162|0x000000008a200000, 0x000000008a200000, 0x000000008a300000|  0%| F|  |TAMS 0x000000008a200000, 0x000000008a200000| Untracked 
| 163|0x000000008a300000, 0x000000008a300000, 0x000000008a400000|  0%| F|  |TAMS 0x000000008a300000, 0x000000008a300000| Untracked 
| 164|0x000000008a400000, 0x000000008a400000, 0x000000008a500000|  0%| F|  |TAMS 0x000000008a400000, 0x000000008a400000| Untracked 
| 165|0x000000008a500000, 0x000000008a500000, 0x000000008a600000|  0%| F|  |TAMS 0x000000008a500000, 0x000000008a500000| Untracked 
| 166|0x000000008a600000, 0x000000008a600000, 0x000000008a700000|  0%| F|  |TAMS 0x000000008a600000, 0x000000008a600000| Untracked 
| 167|0x000000008a700000, 0x000000008a700000, 0x000000008a800000|  0%| F|  |TAMS 0x000000008a700000, 0x000000008a700000| Untracked 
| 168|0x000000008a800000, 0x000000008a800000, 0x000000008a900000|  0%| F|  |TAMS 0x000000008a800000, 0x000000008a800000| Untracked 
| 169|0x000000008a900000, 0x000000008a900000, 0x000000008aa00000|  0%| F|  |TAMS 0x000000008a900000, 0x000000008a900000| Untracked 
| 170|0x000000008aa00000, 0x000000008aa00000, 0x000000008ab00000|  0%| F|  |TAMS 0x000000008aa00000, 0x000000008aa00000| Untracked 
| 171|0x000000008ab00000, 0x000000008ab00000, 0x000000008ac00000|  0%| F|  |TAMS 0x000000008ab00000, 0x000000008ab00000| Untracked 
| 172|0x000000008ac00000, 0x000000008ac00000, 0x000000008ad00000|  0%| F|  |TAMS 0x000000008ac00000, 0x000000008ac00000| Untracked 
| 173|0x000000008ad00000, 0x000000008ad00000, 0x000000008ae00000|  0%| F|  |TAMS 0x000000008ad00000, 0x000000008ad00000| Untracked 
| 174|0x000000008ae00000, 0x000000008ae00000, 0x000000008af00000|  0%| F|  |TAMS 0x000000008ae00000, 0x000000008ae00000| Untracked 
| 175|0x000000008af00000, 0x000000008af00000, 0x000000008b000000|  0%| F|  |TAMS 0x000000008af00000, 0x000000008af00000| Untracked 
| 176|0x000000008b000000, 0x000000008b000000, 0x000000008b100000|  0%| F|  |TAMS 0x000000008b000000, 0x000000008b000000| Untracked 
| 177|0x000000008b100000, 0x000000008b100000, 0x000000008b200000|  0%| F|  |TAMS 0x000000008b100000, 0x000000008b100000| Untracked 
| 178|0x000000008b200000, 0x000000008b200000, 0x000000008b300000|  0%| F|  |TAMS 0x000000008b200000, 0x000000008b200000| Untracked 
| 179|0x000000008b300000, 0x000000008b300000, 0x000000008b400000|  0%| F|  |TAMS 0x000000008b300000, 0x000000008b300000| Untracked 
| 180|0x000000008b400000, 0x000000008b400000, 0x000000008b500000|  0%| F|  |TAMS 0x000000008b400000, 0x000000008b400000| Untracked 
| 181|0x000000008b500000, 0x000000008b500000, 0x000000008b600000|  0%| F|  |TAMS 0x000000008b500000, 0x000000008b500000| Untracked 
| 182|0x000000008b600000, 0x000000008b600000, 0x000000008b700000|  0%| F|  |TAMS 0x000000008b600000, 0x000000008b600000| Untracked 
| 183|0x000000008b700000, 0x000000008b700000, 0x000000008b800000|  0%| F|  |TAMS 0x000000008b700000, 0x000000008b700000| Untracked 
| 184|0x000000008b800000, 0x000000008b800000, 0x000000008b900000|  0%| F|  |TAMS 0x000000008b800000, 0x000000008b800000| Untracked 
| 185|0x000000008b900000, 0x000000008b900000, 0x000000008ba00000|  0%| F|  |TAMS 0x000000008b900000, 0x000000008b900000| Untracked 
| 186|0x000000008ba00000, 0x000000008ba00000, 0x000000008bb00000|  0%| F|  |TAMS 0x000000008ba00000, 0x000000008ba00000| Untracked 
| 187|0x000000008bb00000, 0x000000008bb00000, 0x000000008bc00000|  0%| F|  |TAMS 0x000000008bb00000, 0x000000008bb00000| Untracked 
| 188|0x000000008bc00000, 0x000000008bc00000, 0x000000008bd00000|  0%| F|  |TAMS 0x000000008bc00000, 0x000000008bc00000| Untracked 
| 189|0x000000008bd00000, 0x000000008bd00000, 0x000000008be00000|  0%| F|  |TAMS 0x000000008bd00000, 0x000000008bd00000| Untracked 
| 190|0x000000008be00000, 0x000000008be00000, 0x000000008bf00000|  0%| F|  |TAMS 0x000000008be00000, 0x000000008be00000| Untracked 
| 191|0x000000008bf00000, 0x000000008bf00000, 0x000000008c000000|  0%| F|  |TAMS 0x000000008bf00000, 0x000000008bf00000| Untracked 
| 192|0x000000008c000000, 0x000000008c000000, 0x000000008c100000|  0%| F|  |TAMS 0x000000008c000000, 0x000000008c000000| Untracked 
| 193|0x000000008c100000, 0x000000008c100000, 0x000000008c200000|  0%| F|  |TAMS 0x000000008c100000, 0x000000008c100000| Untracked 
| 194|0x000000008c200000, 0x000000008c200000, 0x000000008c300000|  0%| F|  |TAMS 0x000000008c200000, 0x000000008c200000| Untracked 
| 195|0x000000008c300000, 0x000000008c300000, 0x000000008c400000|  0%| F|  |TAMS 0x000000008c300000, 0x000000008c300000| Untracked 
| 196|0x000000008c400000, 0x000000008c400000, 0x000000008c500000|  0%| F|  |TAMS 0x000000008c400000, 0x000000008c400000| Untracked 
| 197|0x000000008c500000, 0x000000008c500000, 0x000000008c600000|  0%| F|  |TAMS 0x000000008c500000, 0x000000008c500000| Untracked 
| 198|0x000000008c600000, 0x000000008c600000, 0x000000008c700000|  0%| F|  |TAMS 0x000000008c600000, 0x000000008c600000| Untracked 
| 199|0x000000008c700000, 0x000000008c700000, 0x000000008c800000|  0%| F|  |TAMS 0x000000008c700000, 0x000000008c700000| Untracked 
| 200|0x000000008c800000, 0x000000008c800000, 0x000000008c900000|  0%| F|  |TAMS 0x000000008c800000, 0x000000008c800000| Untracked 
| 201|0x000000008c900000, 0x000000008c900000, 0x000000008ca00000|  0%| F|  |TAMS 0x000000008c900000, 0x000000008c900000| Untracked 
| 202|0x000000008ca00000, 0x000000008ca00000, 0x000000008cb00000|  0%| F|  |TAMS 0x000000008ca00000, 0x000000008ca00000| Untracked 
| 203|0x000000008cb00000, 0x000000008cb00000, 0x000000008cc00000|  0%| F|  |TAMS 0x000000008cb00000, 0x000000008cb00000| Untracked 
| 204|0x000000008cc00000, 0x000000008cc00000, 0x000000008cd00000|  0%| F|  |TAMS 0x000000008cc00000, 0x000000008cc00000| Untracked 
| 205|0x000000008cd00000, 0x000000008cd00000, 0x000000008ce00000|  0%| F|  |TAMS 0x000000008cd00000, 0x000000008cd00000| Untracked 
| 206|0x000000008ce00000, 0x000000008ce00000, 0x000000008cf00000|  0%| F|  |TAMS 0x000000008ce00000, 0x000000008ce00000| Untracked 
| 207|0x000000008cf00000, 0x000000008cf00000, 0x000000008d000000|  0%| F|  |TAMS 0x000000008cf00000, 0x000000008cf00000| Untracked 
| 208|0x000000008d000000, 0x000000008d000000, 0x000000008d100000|  0%| F|  |TAMS 0x000000008d000000, 0x000000008d000000| Untracked 
| 209|0x000000008d100000, 0x000000008d100000, 0x000000008d200000|  0%| F|  |TAMS 0x000000008d100000, 0x000000008d100000| Untracked 
| 210|0x000000008d200000, 0x000000008d200000, 0x000000008d300000|  0%| F|  |TAMS 0x000000008d200000, 0x000000008d200000| Untracked 
| 211|0x000000008d300000, 0x000000008d300000, 0x000000008d400000|  0%| F|  |TAMS 0x000000008d300000, 0x000000008d300000| Untracked 
| 212|0x000000008d400000, 0x000000008d480000, 0x000000008d500000| 50%| E|  |TAMS 0x000000008d400000, 0x000000008d400000| Complete 
| 213|0x000000008d500000, 0x000000008d600000, 0x000000008d600000|100%| E|CS|TAMS 0x000000008d500000, 0x000000008d500000| Complete 
| 214|0x000000008d600000, 0x000000008d700000, 0x000000008d700000|100%| E|CS|TAMS 0x000000008d600000, 0x000000008d600000| Complete 
| 215|0x000000008d700000, 0x000000008d800000, 0x000000008d800000|100%| E|CS|TAMS 0x000000008d700000, 0x000000008d700000| Complete 
| 216|0x000000008d800000, 0x000000008d900000, 0x000000008d900000|100%| E|CS|TAMS 0x000000008d800000, 0x000000008d800000| Complete 
| 217|0x000000008d900000, 0x000000008da00000, 0x000000008da00000|100%| E|CS|TAMS 0x000000008d900000, 0x000000008d900000| Complete 
| 218|0x000000008da00000, 0x000000008db00000, 0x000000008db00000|100%| E|CS|TAMS 0x000000008da00000, 0x000000008da00000| Complete 
| 219|0x000000008db00000, 0x000000008dc00000, 0x000000008dc00000|100%| E|CS|TAMS 0x000000008db00000, 0x000000008db00000| Complete 
| 220|0x000000008dc00000, 0x000000008dd00000, 0x000000008dd00000|100%| E|CS|TAMS 0x000000008dc00000, 0x000000008dc00000| Complete 
| 221|0x000000008dd00000, 0x000000008de00000, 0x000000008de00000|100%| E|CS|TAMS 0x000000008dd00000, 0x000000008dd00000| Complete 
| 222|0x000000008de00000, 0x000000008df00000, 0x000000008df00000|100%| E|CS|TAMS 0x000000008de00000, 0x000000008de00000| Complete 
| 223|0x000000008df00000, 0x000000008e000000, 0x000000008e000000|100%| E|CS|TAMS 0x000000008df00000, 0x000000008df00000| Complete 
| 224|0x000000008e000000, 0x000000008e100000, 0x000000008e100000|100%| E|CS|TAMS 0x000000008e000000, 0x000000008e000000| Complete 
| 225|0x000000008e100000, 0x000000008e200000, 0x000000008e200000|100%| E|CS|TAMS 0x000000008e100000, 0x000000008e100000| Complete 
| 226|0x000000008e200000, 0x000000008e300000, 0x000000008e300000|100%| E|CS|TAMS 0x000000008e200000, 0x000000008e200000| Complete 
| 227|0x000000008e300000, 0x000000008e400000, 0x000000008e400000|100%| E|CS|TAMS 0x000000008e300000, 0x000000008e300000| Complete 
| 228|0x000000008e400000, 0x000000008e500000, 0x000000008e500000|100%| E|CS|TAMS 0x000000008e400000, 0x000000008e400000| Complete 
| 229|0x000000008e500000, 0x000000008e600000, 0x000000008e600000|100%| E|CS|TAMS 0x000000008e500000, 0x000000008e500000| Complete 
| 230|0x000000008e600000, 0x000000008e700000, 0x000000008e700000|100%| E|CS|TAMS 0x000000008e600000, 0x000000008e600000| Complete 
| 231|0x000000008e700000, 0x000000008e800000, 0x000000008e800000|100%| E|CS|TAMS 0x000000008e700000, 0x000000008e700000| Complete 
| 232|0x000000008e800000, 0x000000008e900000, 0x000000008e900000|100%| E|CS|TAMS 0x000000008e800000, 0x000000008e800000| Complete 
| 233|0x000000008e900000, 0x000000008ea00000, 0x000000008ea00000|100%| E|CS|TAMS 0x000000008e900000, 0x000000008e900000| Complete 
| 234|0x000000008ea00000, 0x000000008eb00000, 0x000000008eb00000|100%| E|CS|TAMS 0x000000008ea00000, 0x000000008ea00000| Complete 
| 235|0x000000008eb00000, 0x000000008ec00000, 0x000000008ec00000|100%| E|CS|TAMS 0x000000008eb00000, 0x000000008eb00000| Complete 
| 236|0x000000008ec00000, 0x000000008ed00000, 0x000000008ed00000|100%| E|CS|TAMS 0x000000008ec00000, 0x000000008ec00000| Complete 
| 237|0x000000008ed00000, 0x000000008ee00000, 0x000000008ee00000|100%| E|CS|TAMS 0x000000008ed00000, 0x000000008ed00000| Complete 
| 238|0x000000008ee00000, 0x000000008ef00000, 0x000000008ef00000|100%| E|CS|TAMS 0x000000008ee00000, 0x000000008ee00000| Complete 
| 239|0x000000008ef00000, 0x000000008f000000, 0x000000008f000000|100%| E|CS|TAMS 0x000000008ef00000, 0x000000008ef00000| Complete 
| 240|0x000000008f000000, 0x000000008f100000, 0x000000008f100000|100%| E|CS|TAMS 0x000000008f000000, 0x000000008f000000| Complete 
| 241|0x000000008f100000, 0x000000008f200000, 0x000000008f200000|100%| E|CS|TAMS 0x000000008f100000, 0x000000008f100000| Complete 
| 242|0x000000008f200000, 0x000000008f300000, 0x000000008f300000|100%| E|CS|TAMS 0x000000008f200000, 0x000000008f200000| Complete 
| 243|0x000000008f300000, 0x000000008f400000, 0x000000008f400000|100%| E|CS|TAMS 0x000000008f300000, 0x000000008f300000| Complete 
| 244|0x000000008f400000, 0x000000008f500000, 0x000000008f500000|100%| E|CS|TAMS 0x000000008f400000, 0x000000008f400000| Complete 
| 245|0x000000008f500000, 0x000000008f600000, 0x000000008f600000|100%| E|CS|TAMS 0x000000008f500000, 0x000000008f500000| Complete 
| 246|0x000000008f600000, 0x000000008f700000, 0x000000008f700000|100%| E|CS|TAMS 0x000000008f600000, 0x000000008f600000| Complete 
| 247|0x000000008f700000, 0x000000008f800000, 0x000000008f800000|100%| E|CS|TAMS 0x000000008f700000, 0x000000008f700000| Complete 
| 248|0x000000008f800000, 0x000000008f900000, 0x000000008f900000|100%| E|CS|TAMS 0x000000008f800000, 0x000000008f800000| Complete 
| 249|0x000000008f900000, 0x000000008fa00000, 0x000000008fa00000|100%| E|CS|TAMS 0x000000008f900000, 0x000000008f900000| Complete 
| 250|0x000000008fa00000, 0x000000008fb00000, 0x000000008fb00000|100%| E|CS|TAMS 0x000000008fa00000, 0x000000008fa00000| Complete 
| 251|0x000000008fb00000, 0x000000008fc00000, 0x000000008fc00000|100%| E|CS|TAMS 0x000000008fb00000, 0x000000008fb00000| Complete 
| 252|0x000000008fc00000, 0x000000008fd00000, 0x000000008fd00000|100%| E|CS|TAMS 0x000000008fc00000, 0x000000008fc00000| Complete 
| 253|0x000000008fd00000, 0x000000008fe00000, 0x000000008fe00000|100%| E|CS|TAMS 0x000000008fd00000, 0x000000008fd00000| Complete 
| 254|0x000000008fe00000, 0x000000008ff00000, 0x000000008ff00000|100%| E|CS|TAMS 0x000000008fe00000, 0x000000008fe00000| Complete 
| 255|0x000000008ff00000, 0x0000000090000000, 0x0000000090000000|100%| E|CS|TAMS 0x000000008ff00000, 0x000000008ff00000| Complete 
| 256|0x0000000090000000, 0x0000000090100000, 0x0000000090100000|100%| E|CS|TAMS 0x0000000090000000, 0x0000000090000000| Complete 
| 257|0x0000000090100000, 0x0000000090200000, 0x0000000090200000|100%| E|CS|TAMS 0x0000000090100000, 0x0000000090100000| Complete 
| 258|0x0000000090200000, 0x0000000090300000, 0x0000000090300000|100%| E|CS|TAMS 0x0000000090200000, 0x0000000090200000| Complete 
| 259|0x0000000090300000, 0x0000000090400000, 0x0000000090400000|100%| E|CS|TAMS 0x0000000090300000, 0x0000000090300000| Complete 
| 260|0x0000000090400000, 0x0000000090500000, 0x0000000090500000|100%| E|CS|TAMS 0x0000000090400000, 0x0000000090400000| Complete 
| 261|0x0000000090500000, 0x0000000090600000, 0x0000000090600000|100%| E|CS|TAMS 0x0000000090500000, 0x0000000090500000| Complete 
| 262|0x0000000090600000, 0x0000000090700000, 0x0000000090700000|100%| E|CS|TAMS 0x0000000090600000, 0x0000000090600000| Complete 
| 263|0x0000000090700000, 0x0000000090800000, 0x0000000090800000|100%| E|CS|TAMS 0x0000000090700000, 0x0000000090700000| Complete 
| 264|0x0000000090800000, 0x0000000090900000, 0x0000000090900000|100%| E|CS|TAMS 0x0000000090800000, 0x0000000090800000| Complete 
| 265|0x0000000090900000, 0x0000000090a00000, 0x0000000090a00000|100%| E|CS|TAMS 0x0000000090900000, 0x0000000090900000| Complete 
| 266|0x0000000090a00000, 0x0000000090b00000, 0x0000000090b00000|100%| E|CS|TAMS 0x0000000090a00000, 0x0000000090a00000| Complete 
| 267|0x0000000090b00000, 0x0000000090c00000, 0x0000000090c00000|100%| E|CS|TAMS 0x0000000090b00000, 0x0000000090b00000| Complete 
| 268|0x0000000090c00000, 0x0000000090d00000, 0x0000000090d00000|100%| E|CS|TAMS 0x0000000090c00000, 0x0000000090c00000| Complete 
| 269|0x0000000090d00000, 0x0000000090e00000, 0x0000000090e00000|100%| E|CS|TAMS 0x0000000090d00000, 0x0000000090d00000| Complete 
| 270|0x0000000090e00000, 0x0000000090f00000, 0x0000000090f00000|100%| E|CS|TAMS 0x0000000090e00000, 0x0000000090e00000| Complete 
| 271|0x0000000090f00000, 0x0000000091000000, 0x0000000091000000|100%| E|CS|TAMS 0x0000000090f00000, 0x0000000090f00000| Complete 
| 272|0x0000000091000000, 0x0000000091100000, 0x0000000091100000|100%| E|CS|TAMS 0x0000000091000000, 0x0000000091000000| Complete 
| 273|0x0000000091100000, 0x0000000091200000, 0x0000000091200000|100%| E|CS|TAMS 0x0000000091100000, 0x0000000091100000| Complete 
| 274|0x0000000091200000, 0x0000000091300000, 0x0000000091300000|100%| E|CS|TAMS 0x0000000091200000, 0x0000000091200000| Complete 
| 275|0x0000000091300000, 0x0000000091400000, 0x0000000091400000|100%| E|CS|TAMS 0x0000000091300000, 0x0000000091300000| Complete 

Card table byte_map: [0x000001ef4cdc0000,0x000001ef4d1c0000] _byte_map_base: 0x000001ef4c9c0000

Marking Bits (Prev, Next): (CMBitMap*) 0x000001ef35bb4030, (CMBitMap*) 0x000001ef35bb4070
 Prev Bits: [0x000001ef4d5c0000, 0x000001ef4f5c0000)
 Next Bits: [0x000001ef4f5c0000, 0x000001ef515c0000)

Polling page: 0x000001ef33ad0000

Metaspace:

Usage:
  Non-class:     40.83 MB used.
      Class:      6.37 MB used.
       Both:     47.21 MB used.

Virtual space:
  Non-class space:       64.00 MB reserved,      41.12 MB ( 64%) committed,  1 nodes.
      Class space:      416.00 MB reserved,       6.62 MB (  2%) committed,  1 nodes.
             Both:      480.00 MB reserved,      47.75 MB ( 10%) committed. 

Chunk freelists:
   Non-Class:  6.30 MB
       Class:  9.30 MB
        Both:  15.59 MB

MaxMetaspaceSize: 512.00 MB
CompressedClassSpaceSize: 416.00 MB
Initial GC threshold: 21.00 MB
Current GC threshold: 58.75 MB
CDS: on
MetaspaceReclaimPolicy: balanced
 - commit_granule_bytes: 65536.
 - commit_granule_words: 8192.
 - virtual_space_node_default_size: 8388608.
 - enlarge_chunks_in_place: 1.
 - new_chunks_are_fully_committed: 0.
 - uncommit_free_chunks: 1.
 - use_allocation_guard: 0.
 - handle_deallocations: 1.


Internal statistics:

num_allocs_failed_limit: 6.
num_arena_births: 570.
num_arena_deaths: 0.
num_vsnodes_births: 2.
num_vsnodes_deaths: 0.
num_space_committed: 764.
num_space_uncommitted: 0.
num_chunks_returned_to_freelist: 6.
num_chunks_taken_from_freelist: 2391.
num_chunk_merges: 6.
num_chunk_splits: 1646.
num_chunks_enlarged: 1211.
num_inconsistent_stats: 0.

CodeHeap 'non-profiled nmethods': size=120000Kb used=5989Kb max_used=5989Kb free=114010Kb
 bounds [0x000001ef45160000, 0x000001ef45740000, 0x000001ef4c690000]
CodeHeap 'profiled nmethods': size=120000Kb used=11033Kb max_used=11033Kb free=108966Kb
 bounds [0x000001ef3d690000, 0x000001ef3e160000, 0x000001ef44bc0000]
CodeHeap 'non-nmethods': size=5760Kb used=2330Kb max_used=2420Kb free=3429Kb
 bounds [0x000001ef44bc0000, 0x000001ef44e40000, 0x000001ef45160000]
 total_blobs=6618 nmethods=5768 adapters=762
 compilation: enabled
              stopped_count=0, restarted_count=0
 full_count=0

Compilation events (20 events):
Event: 44.807 Thread 0x000001ef5400a1e0 7132       3       org.gradle.api.internal.changedetection.state.ZipHasher::fingerprintZipEntry (40 bytes)
Event: 44.807 Thread 0x000001ef5400a1e0 nmethod 7132 0x000001ef3e14ec90 code [0x000001ef3e14ee80, 0x000001ef3e14f3e8]
Event: 44.823 Thread 0x000001ef5400a1e0 7142   !   2       org.gradle.api.internal.file.archive.impl.FileZipInput$FileZipEntry::withInputStream (28 bytes)
Event: 44.824 Thread 0x000001ef5400a1e0 nmethod 7142 0x000001ef3e14f610 code [0x000001ef3e14f7e0, 0x000001ef3e14fac8]
Event: 44.827 Thread 0x000001ef74c79050 nmethod 7055 0x000001ef45737610 code [0x000001ef457378a0, 0x000001ef457389d8]
Event: 44.827 Thread 0x000001ef74c79050 7135 %     4       org.objectweb.asm.ClassReader::readCode @ 2187 (5117 bytes)
Event: 44.849 Thread 0x000001ef5400a1e0 7143       3       org.objectweb.asm.ClassReader::readElementValues (88 bytes)
Event: 44.850 Thread 0x000001ef5400a1e0 nmethod 7143 0x000001ef3e14fd10 code [0x000001ef3e14ff20, 0x000001ef3e150538]
Event: 44.853 Thread 0x000001ef5400a1e0 7144       3       com.google.common.collect.ObjectArrays::newArray (6 bytes)
Event: 44.853 Thread 0x000001ef5400a1e0 nmethod 7144 0x000001ef3e150810 code [0x000001ef3e1509e0, 0x000001ef3e150cf8]
Event: 44.853 Thread 0x000001ef5400a1e0 7145       3       com.google.common.collect.Platform::newArray (21 bytes)
Event: 44.854 Thread 0x000001ef5400a1e0 nmethod 7145 0x000001ef3e150e90 code [0x000001ef3e151060, 0x000001ef3e151338]
Event: 44.864 Thread 0x000001ef5400a1e0 7146       2       org.gradle.internal.tools.api.impl.ApiMemberSelector$1::visitAnnotationDefault (12 bytes)
Event: 44.864 Thread 0x000001ef5400a1e0 nmethod 7146 0x000001ef3e151490 code [0x000001ef3e151640, 0x000001ef3e151848]
Event: 44.864 Thread 0x000001ef5400a1e0 7147       2       org.gradle.internal.tools.api.impl.ApiMemberSelector$AnnotationDefaultVisitor::<init> (12 bytes)
Event: 44.864 Thread 0x000001ef5400a1e0 nmethod 7147 0x000001ef3e151910 code [0x000001ef3e151ac0, 0x000001ef3e151c68]
Event: 44.864 Thread 0x000001ef5400a1e0 7148       2       org.gradle.internal.tools.api.impl.JavaApiMemberWriter$$Lambda$888/0x000001ef566726e0::accept (16 bytes)
Event: 44.865 Thread 0x000001ef5400a1e0 nmethod 7148 0x000001ef3e151d10 code [0x000001ef3e151ec0, 0x000001ef3e152088]
Event: 44.870 Thread 0x000001ef5400a1e0 7150       2       org.gradle.internal.tools.api.impl.ApiMemberSelector$AnnotationDefaultVisitor::visit (26 bytes)
Event: 44.871 Thread 0x000001ef5400a1e0 nmethod 7150 0x000001ef3e152210 code [0x000001ef3e1523e0, 0x000001ef3e1527f8]

GC Heap History (20 events):
Event: 36.685 GC heap before
{Heap before GC invocations=80 (full 0):
 garbage-first heap   total 235520K, used 196472K [0x0000000080000000, 0x0000000100000000)
  region size 1024K, 138 young (141312K), 10 survivors (10240K)
 Metaspace       used 45735K, committed 46272K, reserved 491520K
  class space    used 6239K, committed 6464K, reserved 425984K
}
Event: 36.692 GC heap after
{Heap after GC invocations=81 (full 0):
 garbage-first heap   total 282624K, used 66292K [0x0000000080000000, 0x0000000100000000)
  region size 1024K, 11 young (11264K), 11 survivors (11264K)
 Metaspace       used 45735K, committed 46272K, reserved 491520K
  class space    used 6239K, committed 6464K, reserved 425984K
}
Event: 37.030 GC heap before
{Heap before GC invocations=81 (full 0):
 garbage-first heap   total 282624K, used 223988K [0x0000000080000000, 0x0000000100000000)
  region size 1024K, 165 young (168960K), 11 survivors (11264K)
 Metaspace       used 45757K, committed 46272K, reserved 491520K
  class space    used 6239K, committed 6464K, reserved 425984K
}
Event: 37.036 GC heap after
{Heap after GC invocations=82 (full 0):
 garbage-first heap   total 282624K, used 67674K [0x0000000080000000, 0x0000000100000000)
  region size 1024K, 12 young (12288K), 12 survivors (12288K)
 Metaspace       used 45757K, committed 46272K, reserved 491520K
  class space    used 6239K, committed 6464K, reserved 425984K
}
Event: 37.373 GC heap before
{Heap before GC invocations=82 (full 0):
 garbage-first heap   total 282624K, used 225370K [0x0000000080000000, 0x0000000100000000)
  region size 1024K, 165 young (168960K), 12 survivors (12288K)
 Metaspace       used 45757K, committed 46272K, reserved 491520K
  class space    used 6239K, committed 6464K, reserved 425984K
}
Event: 37.379 GC heap after
{Heap after GC invocations=83 (full 0):
 garbage-first heap   total 282624K, used 69097K [0x0000000080000000, 0x0000000100000000)
  region size 1024K, 11 young (11264K), 11 survivors (11264K)
 Metaspace       used 45757K, committed 46272K, reserved 491520K
  class space    used 6239K, committed 6464K, reserved 425984K
}
Event: 37.645 GC heap before
{Heap before GC invocations=83 (full 0):
 garbage-first heap   total 282624K, used 226793K [0x0000000080000000, 0x0000000100000000)
  region size 1024K, 165 young (168960K), 11 survivors (11264K)
 Metaspace       used 45768K, committed 46272K, reserved 491520K
  class space    used 6239K, committed 6464K, reserved 425984K
}
Event: 37.652 GC heap after
{Heap after GC invocations=84 (full 0):
 garbage-first heap   total 282624K, used 69987K [0x0000000080000000, 0x0000000100000000)
  region size 1024K, 12 young (12288K), 12 survivors (12288K)
 Metaspace       used 45768K, committed 46272K, reserved 491520K
  class space    used 6239K, committed 6464K, reserved 425984K
}
Event: 41.188 GC heap before
{Heap before GC invocations=84 (full 0):
 garbage-first heap   total 282624K, used 233827K [0x0000000080000000, 0x0000000100000000)
  region size 1024K, 165 young (168960K), 12 survivors (12288K)
 Metaspace       used 46131K, committed 46656K, reserved 491520K
  class space    used 6274K, committed 6528K, reserved 425984K
}
Event: 41.192 GC heap after
{Heap after GC invocations=85 (full 0):
 garbage-first heap   total 282624K, used 71650K [0x0000000080000000, 0x0000000100000000)
  region size 1024K, 6 young (6144K), 6 survivors (6144K)
 Metaspace       used 46131K, committed 46656K, reserved 491520K
  class space    used 6274K, committed 6528K, reserved 425984K
}
Event: 42.646 GC heap before
{Heap before GC invocations=85 (full 0):
 garbage-first heap   total 282624K, used 234466K [0x0000000080000000, 0x0000000100000000)
  region size 1024K, 165 young (168960K), 6 survivors (6144K)
 Metaspace       used 46135K, committed 46656K, reserved 491520K
  class space    used 6274K, committed 6528K, reserved 425984K
}
Event: 42.649 GC heap after
{Heap after GC invocations=86 (full 0):
 garbage-first heap   total 282624K, used 71581K [0x0000000080000000, 0x0000000100000000)
  region size 1024K, 6 young (6144K), 6 survivors (6144K)
 Metaspace       used 46135K, committed 46656K, reserved 491520K
  class space    used 6274K, committed 6528K, reserved 425984K
}
Event: 43.637 GC heap before
{Heap before GC invocations=86 (full 0):
 garbage-first heap   total 282624K, used 241565K [0x0000000080000000, 0x0000000100000000)
  region size 1024K, 165 young (168960K), 6 survivors (6144K)
 Metaspace       used 48239K, committed 48768K, reserved 491520K
  class space    used 6513K, committed 6784K, reserved 425984K
}
Event: 43.641 GC heap after
{Heap after GC invocations=87 (full 0):
 garbage-first heap   total 282624K, used 72667K [0x0000000080000000, 0x0000000100000000)
  region size 1024K, 7 young (7168K), 7 survivors (7168K)
 Metaspace       used 48239K, committed 48768K, reserved 491520K
  class space    used 6513K, committed 6784K, reserved 425984K
}
Event: 43.973 GC heap before
{Heap before GC invocations=87 (full 0):
 garbage-first heap   total 282624K, used 234459K [0x0000000080000000, 0x0000000100000000)
  region size 1024K, 165 young (168960K), 7 survivors (7168K)
 Metaspace       used 48239K, committed 48768K, reserved 491520K
  class space    used 6513K, committed 6784K, reserved 425984K
}
Event: 43.977 GC heap after
{Heap after GC invocations=88 (full 0):
 garbage-first heap   total 282624K, used 74770K [0x0000000080000000, 0x0000000100000000)
  region size 1024K, 8 young (8192K), 8 survivors (8192K)
 Metaspace       used 48239K, committed 48768K, reserved 491520K
  class space    used 6513K, committed 6784K, reserved 425984K
}
Event: 44.311 GC heap before
{Heap before GC invocations=88 (full 0):
 garbage-first heap   total 282624K, used 235538K [0x0000000080000000, 0x0000000100000000)
  region size 1024K, 165 young (168960K), 8 survivors (8192K)
 Metaspace       used 48239K, committed 48768K, reserved 491520K
  class space    used 6513K, committed 6784K, reserved 425984K
}
Event: 44.316 GC heap after
{Heap after GC invocations=89 (full 0):
 garbage-first heap   total 282624K, used 77471K [0x0000000080000000, 0x0000000100000000)
  region size 1024K, 11 young (11264K), 11 survivors (11264K)
 Metaspace       used 48239K, committed 48768K, reserved 491520K
  class space    used 6513K, committed 6784K, reserved 425984K
}
Event: 44.610 GC heap before
{Heap before GC invocations=89 (full 0):
 garbage-first heap   total 282624K, used 235167K [0x0000000080000000, 0x0000000100000000)
  region size 1024K, 165 young (168960K), 11 survivors (11264K)
 Metaspace       used 48240K, committed 48768K, reserved 491520K
  class space    used 6513K, committed 6784K, reserved 425984K
}
Event: 44.615 GC heap after
{Heap after GC invocations=90 (full 0):
 garbage-first heap   total 282624K, used 79576K [0x0000000080000000, 0x0000000100000000)
  region size 1024K, 12 young (12288K), 12 survivors (12288K)
 Metaspace       used 48240K, committed 48768K, reserved 491520K
  class space    used 6513K, committed 6784K, reserved 425984K
}

Dll operation events (15 events):
Event: 0.020 Loaded shared library C:\Users\cimeo\AppData\Roaming\Code\User\globalStorage\pleiades.java-extension-pack-jdk\java\17\bin\java.dll
Event: 0.059 Loaded shared library C:\Users\cimeo\AppData\Roaming\Code\User\globalStorage\pleiades.java-extension-pack-jdk\java\17\bin\jsvml.dll
Event: 0.136 Loaded shared library C:\Users\cimeo\AppData\Roaming\Code\User\globalStorage\pleiades.java-extension-pack-jdk\java\17\bin\zip.dll
Event: 0.142 Loaded shared library C:\Users\cimeo\AppData\Roaming\Code\User\globalStorage\pleiades.java-extension-pack-jdk\java\17\bin\instrument.dll
Event: 0.148 Loaded shared library C:\Users\cimeo\AppData\Roaming\Code\User\globalStorage\pleiades.java-extension-pack-jdk\java\17\bin\net.dll
Event: 0.152 Loaded shared library C:\Users\cimeo\AppData\Roaming\Code\User\globalStorage\pleiades.java-extension-pack-jdk\java\17\bin\nio.dll
Event: 0.156 Loaded shared library C:\Users\cimeo\AppData\Roaming\Code\User\globalStorage\pleiades.java-extension-pack-jdk\java\17\bin\zip.dll
Event: 0.536 Loaded shared library C:\Users\cimeo\AppData\Roaming\Code\User\globalStorage\pleiades.java-extension-pack-jdk\java\17\bin\jimage.dll
Event: 0.782 Loaded shared library C:\Users\cimeo\AppData\Roaming\Code\User\globalStorage\pleiades.java-extension-pack-jdk\java\17\bin\verify.dll
Event: 1.078 Loaded shared library C:\Users\cimeo\.gradle\native\1def1411415f61bf3af743bc5b6707747c0891f09f0c88961ee8f79bc544acac\windows-amd64\native-platform.dll
Event: 1.115 Loaded shared library C:\Users\cimeo\.gradle\native\0.2.7\x86_64-windows-gnu\gradle-fileevents.dll
Event: 4.319 Loaded shared library C:\Users\cimeo\AppData\Roaming\Code\User\globalStorage\pleiades.java-extension-pack-jdk\java\17\bin\management.dll
Event: 4.330 Loaded shared library C:\Users\cimeo\AppData\Roaming\Code\User\globalStorage\pleiades.java-extension-pack-jdk\java\17\bin\management_ext.dll
Event: 4.994 Loaded shared library C:\Users\cimeo\AppData\Roaming\Code\User\globalStorage\pleiades.java-extension-pack-jdk\java\17\bin\extnet.dll
Event: 6.199 Loaded shared library C:\Users\cimeo\AppData\Roaming\Code\User\globalStorage\pleiades.java-extension-pack-jdk\java\17\bin\sunmscapi.dll

Deoptimization events (20 events):
Event: 44.794 Thread 0x000001ef745103d0 DEOPT PACKING pc=0x000001ef4570a248 sp=0x000000e0140f5bb0
Event: 44.794 Thread 0x000001ef745103d0 DEOPT UNPACKING pc=0x000001ef44c169a3 sp=0x000000e0140f5af0 mode 2
Event: 44.813 Thread 0x000001ef745103d0 DEOPT PACKING pc=0x000001ef3d8b7dc9 sp=0x000000e0140f6140
Event: 44.813 Thread 0x000001ef745103d0 DEOPT UNPACKING pc=0x000001ef44c17143 sp=0x000000e0140f55f0 mode 0
Event: 44.814 Thread 0x000001ef745103d0 Uncommon trap: trap_request=0xffffffde fr.pc=0x000001ef4569aaa0 relative=0x000000000000a4c0
Event: 44.815 Thread 0x000001ef745103d0 Uncommon trap: reason=class_check action=maybe_recompile pc=0x000001ef4569aaa0 method=org.objectweb.asm.ClassReader.readCode(Lorg/objectweb/asm/MethodVisitor;Lorg/objectweb/asm/Context;I)V @ 4346 c2
Event: 44.815 Thread 0x000001ef745103d0 DEOPT PACKING pc=0x000001ef4569aaa0 sp=0x000000e0140f5df0
Event: 44.815 Thread 0x000001ef745103d0 DEOPT UNPACKING pc=0x000001ef44c169a3 sp=0x000000e0140f5d28 mode 2
Event: 44.815 Thread 0x000001ef745103d0 Uncommon trap: trap_request=0xffffffde fr.pc=0x000001ef4569aaa0 relative=0x000000000000a4c0
Event: 44.815 Thread 0x000001ef745103d0 Uncommon trap: reason=class_check action=maybe_recompile pc=0x000001ef4569aaa0 method=org.objectweb.asm.ClassReader.readCode(Lorg/objectweb/asm/MethodVisitor;Lorg/objectweb/asm/Context;I)V @ 4346 c2
Event: 44.815 Thread 0x000001ef745103d0 DEOPT PACKING pc=0x000001ef4569aaa0 sp=0x000000e0140f5df0
Event: 44.815 Thread 0x000001ef745103d0 DEOPT UNPACKING pc=0x000001ef44c169a3 sp=0x000000e0140f5d28 mode 2
Event: 44.815 Thread 0x000001ef745103d0 Uncommon trap: trap_request=0x0000004e fr.pc=0x000001ef45562138 relative=0x0000000000000718
Event: 44.815 Thread 0x000001ef745103d0 Uncommon trap: reason=unloaded action=reinterpret pc=0x000001ef45562138 method=org.gradle.internal.tools.api.impl.SortingAnnotationVisitor.visitEnd()V @ 7 c2
Event: 44.815 Thread 0x000001ef745103d0 DEOPT PACKING pc=0x000001ef45562138 sp=0x000000e0140f5970
Event: 44.815 Thread 0x000001ef745103d0 DEOPT UNPACKING pc=0x000001ef44c169a3 sp=0x000000e0140f58b0 mode 2
Event: 44.861 Thread 0x000001ef745103d0 DEOPT PACKING pc=0x000001ef3d8b7dc9 sp=0x000000e0140f6140
Event: 44.861 Thread 0x000001ef745103d0 DEOPT UNPACKING pc=0x000001ef44c17143 sp=0x000000e0140f55f0 mode 0
Event: 44.876 Thread 0x000001ef745103d0 DEOPT PACKING pc=0x000001ef3d8b7dc9 sp=0x000000e0140f6140
Event: 44.876 Thread 0x000001ef745103d0 DEOPT UNPACKING pc=0x000001ef44c17143 sp=0x000000e0140f55f0 mode 0

Classes loaded (20 events):
Event: 40.419 Loading class java/util/TreeMap$TreeMapSpliterator done
Event: 40.419 Loading class java/util/TreeMap$KeySpliterator done
Event: 42.696 Loading class java/util/concurrent/atomic/AtomicReferenceFieldUpdater
Event: 42.698 Loading class java/util/concurrent/atomic/AtomicReferenceFieldUpdater done
Event: 42.698 Loading class java/util/concurrent/atomic/AtomicReferenceFieldUpdater$AtomicReferenceFieldUpdaterImpl
Event: 42.699 Loading class java/util/concurrent/atomic/AtomicReferenceFieldUpdater$AtomicReferenceFieldUpdaterImpl done
Event: 42.699 Loading class java/util/concurrent/atomic/AtomicReferenceFieldUpdater$AtomicReferenceFieldUpdaterImpl$1
Event: 42.700 Loading class java/util/concurrent/atomic/AtomicReferenceFieldUpdater$AtomicReferenceFieldUpdaterImpl$1 done
Event: 44.637 Loading class java/util/zip/ZipInputStream
Event: 44.639 Loading class java/util/zip/ZipInputStream done
Event: 44.639 Loading class java/io/PushbackInputStream
Event: 44.640 Loading class java/io/PushbackInputStream done
Event: 44.651 Loading class java/util/HashMap$EntrySpliterator
Event: 44.652 Loading class java/util/HashMap$EntrySpliterator done
Event: 44.654 Loading class java/util/stream/SortedOps$OfRef
Event: 44.656 Loading class java/util/stream/SortedOps$OfRef done
Event: 44.657 Loading class java/util/stream/SortedOps$RefSortingSink
Event: 44.657 Loading class java/util/stream/SortedOps$AbstractRefSortingSink
Event: 44.659 Loading class java/util/stream/SortedOps$AbstractRefSortingSink done
Event: 44.659 Loading class java/util/stream/SortedOps$RefSortingSink done

Classes unloaded (0 events):
No events

Classes redefined (0 events):
No events

Internal exceptions (20 events):
Event: 16.497 Thread 0x000001ef745103d0 Exception <a 'java/lang/NoSuchMethodError'{0x00000000837a79b8}: 'java.lang.Object java.lang.invoke.DirectMethodHandle$Holder.invokeStatic(java.lang.Object, java.lang.Object, java.lang.Object, java.lang.Object, java.lang.Object, java.lang.Object, java.lang.Object, java.lang.Object, java.lang.Object, java.lang.Object, java.lang.Object, java.lang.Object, java.lang.Object, java.lang.Object, java.lang.Object, java.lang.Object, java.lang.Object, java.lang.Object, java.lang.Object, java.lang.Object, java.lang.Obj
Event: 16.501 Thread 0x000001ef745103d0 Exception <a 'java/lang/NoSuchMethodError'{0x00000000837dde30}: 'java.lang.Object java.lang.invoke.DirectMethodHandle$Holder.invokeStatic(java.lang.Object, java.lang.Object, java.lang.Object, java.lang.Object, java.lang.Object, java.lang.Object, java.lang.Object, java.lang.Object, java.lang.Object, java.lang.Object, java.lang.Object, java.lang.Object, java.lang.Object, java.lang.Object, java.lang.Object, java.lang.Object, java.lang.Object, java.lang.Object, java.lang.Object, java.lang.Object, java.lang.Obj
Event: 16.896 Thread 0x000001ef745103d0 Exception <a 'sun/nio/fs/WindowsException'{0x00000000873f0608}> (0x00000000873f0608) 
thrown [s\src\hotspot\share\prims\jni.cpp, line 516]
Event: 16.897 Thread 0x000001ef745103d0 Exception <a 'sun/nio/fs/WindowsException'{0x00000000873f2120}> (0x00000000873f2120) 
thrown [s\src\hotspot\share\prims\jni.cpp, line 516]
Event: 25.937 Thread 0x000001ef745103d0 Implicit null exception at 0x000001ef455b6513 to 0x000001ef455b692c
Event: 37.886 Thread 0x000001ef745103d0 Exception <a 'sun/nio/fs/WindowsException'{0x000000008cb4eb18}> (0x000000008cb4eb18) 
thrown [s\src\hotspot\share\prims\jni.cpp, line 516]
Event: 38.305 Thread 0x000001ef745103d0 Exception <a 'sun/nio/fs/WindowsException'{0x000000008cb4ec98}> (0x000000008cb4ec98) 
thrown [s\src\hotspot\share\prims\jni.cpp, line 516]
Event: 40.389 Thread 0x000001ef745103d0 Implicit null exception at 0x000001ef4518902e to 0x000001ef45189564
Event: 40.398 Thread 0x000001ef745103d0 Implicit null exception at 0x000001ef455dc966 to 0x000001ef455dd308
Event: 40.404 Thread 0x000001ef745103d0 Implicit null exception at 0x000001ef454f3f50 to 0x000001ef454f3fcd
Event: 40.404 Thread 0x000001ef745103d0 Implicit null exception at 0x000001ef454f39f0 to 0x000001ef454f3b10
Event: 40.404 Thread 0x000001ef745103d0 Implicit null exception at 0x000001ef454f2f50 to 0x000001ef454f2fcd
Event: 40.404 Thread 0x000001ef745103d0 Implicit null exception at 0x000001ef455dad9d to 0x000001ef455dbda4
Event: 40.405 Thread 0x000001ef745103d0 Implicit null exception at 0x000001ef451ea12a to 0x000001ef451ec014
Event: 40.405 Thread 0x000001ef745103d0 Implicit null exception at 0x000001ef45625eb0 to 0x000001ef45625ee0
Event: 40.454 Thread 0x000001ef745103d0 Implicit null exception at 0x000001ef455b5f30 to 0x000001ef455b5f60
Event: 40.456 Thread 0x000001ef745103d0 Implicit null exception at 0x000001ef45628450 to 0x000001ef456284f9
Event: 40.456 Thread 0x000001ef745103d0 Implicit null exception at 0x000001ef452905c4 to 0x000001ef452967a8
Event: 40.460 Thread 0x000001ef745103d0 Implicit null exception at 0x000001ef4555893d to 0x000001ef45559684
Event: 40.690 Thread 0x000001ef745103d0 Implicit null exception at 0x000001ef455a5074 to 0x000001ef455a9298

VM Operations (20 events):
Event: 43.636 Executing VM operation: G1CollectForAllocation
Event: 43.641 Executing VM operation: G1CollectForAllocation done
Event: 43.973 Executing VM operation: G1CollectForAllocation
Event: 43.978 Executing VM operation: G1CollectForAllocation done
Event: 44.311 Executing VM operation: G1CollectForAllocation
Event: 44.316 Executing VM operation: G1CollectForAllocation done
Event: 44.610 Executing VM operation: G1CollectForAllocation
Event: 44.615 Executing VM operation: G1CollectForAllocation done
Event: 44.636 Executing VM operation: HandshakeAllThreads
Event: 44.637 Executing VM operation: HandshakeAllThreads done
Event: 44.643 Executing VM operation: HandshakeAllThreads
Event: 44.644 Executing VM operation: HandshakeAllThreads done
Event: 44.645 Executing VM operation: HandshakeAllThreads
Event: 44.645 Executing VM operation: HandshakeAllThreads done
Event: 44.647 Executing VM operation: HandshakeAllThreads
Event: 44.647 Executing VM operation: HandshakeAllThreads done
Event: 44.785 Executing VM operation: HandshakeAllThreads
Event: 44.786 Executing VM operation: HandshakeAllThreads done
Event: 45.793 Executing VM operation: Cleanup
Event: 45.793 Executing VM operation: Cleanup done

Memory protections (0 events):
No events

Nmethod flushes (20 events):
Event: 28.026 Thread 0x000001ef5400b290 flushing  nmethod 0x000001ef3e0e6110
Event: 28.026 Thread 0x000001ef5400b290 flushing  nmethod 0x000001ef3e0e6590
Event: 28.026 Thread 0x000001ef5400b290 flushing  nmethod 0x000001ef3e0e7310
Event: 28.026 Thread 0x000001ef5400b290 flushing  nmethod 0x000001ef3e0e9510
Event: 28.026 Thread 0x000001ef5400b290 flushing  nmethod 0x000001ef3e0eba90
Event: 28.026 Thread 0x000001ef5400b290 flushing  nmethod 0x000001ef3e0f0d10
Event: 40.434 Thread 0x000001ef5400b290 flushing  nmethod 0x000001ef452aed10
Event: 40.436 Thread 0x000001ef5400b290 flushing  nmethod 0x000001ef4561f690
Event: 40.436 Thread 0x000001ef5400b290 flushing  nmethod 0x000001ef45621210
Event: 40.436 Thread 0x000001ef5400b290 flushing  nmethod 0x000001ef45623e90
Event: 40.438 Thread 0x000001ef5400b290 flushing  nmethod 0x000001ef3d757610
Event: 40.439 Thread 0x000001ef5400b290 flushing  nmethod 0x000001ef3d8a2c10
Event: 40.441 Thread 0x000001ef5400b290 flushing  nmethod 0x000001ef3da02b10
Event: 40.444 Thread 0x000001ef5400b290 flushing  nmethod 0x000001ef3dc06790
Event: 40.445 Thread 0x000001ef5400b290 flushing  nmethod 0x000001ef3dc7f790
Event: 40.446 Thread 0x000001ef5400b290 flushing  nmethod 0x000001ef3ddbf090
Event: 40.449 Thread 0x000001ef5400b290 flushing  nmethod 0x000001ef3e039210
Event: 40.449 Thread 0x000001ef5400b290 flushing  nmethod 0x000001ef3e050010
Event: 40.450 Thread 0x000001ef5400b290 flushing  nmethod 0x000001ef3e111f90
Event: 40.450 Thread 0x000001ef5400b290 flushing  nmethod 0x000001ef3e133d10

Events (20 events):
Event: 15.953 Thread 0x000001ef745103d0 Thread added: 0x000001ef75d5e810
Event: 16.014 Thread 0x000001ef745103d0 Thread added: 0x000001ef75d5d8e0
Event: 16.064 Thread 0x000001ef74c77070 Thread exited: 0x000001ef74c77070
Event: 16.132 Thread 0x000001ef5400a1e0 Thread added: 0x000001ef74c79050
Event: 16.355 Thread 0x000001ef745103d0 Thread added: 0x000001ef75d5ed20
Event: 16.806 Thread 0x000001ef74c79050 Thread exited: 0x000001ef74c79050
Event: 17.015 Thread 0x000001ef5400a1e0 Thread added: 0x000001ef74c785b0
Event: 28.974 Thread 0x000001ef74c785b0 Thread exited: 0x000001ef74c785b0
Event: 35.849 Thread 0x000001ef5400a1e0 Thread added: 0x000001ef74c785b0
Event: 36.241 Thread 0x000001ef74c785b0 Thread exited: 0x000001ef74c785b0
Event: 37.601 Thread 0x000001ef5400a1e0 Thread added: 0x000001ef74c775c0
Event: 37.602 Thread 0x000001ef5400a1e0 Thread added: 0x000001ef74c77b10
Event: 38.634 Thread 0x000001ef74c77b10 Thread exited: 0x000001ef74c77b10
Event: 38.634 Thread 0x000001ef74c775c0 Thread exited: 0x000001ef74c775c0
Event: 40.405 Thread 0x000001ef5400a1e0 Thread added: 0x000001ef74c775c0
Event: 40.483 Thread 0x000001ef5400a1e0 Thread added: 0x000001ef74c765d0
Event: 44.427 Thread 0x000001ef74c765d0 Thread exited: 0x000001ef74c765d0
Event: 44.428 Thread 0x000001ef74c775c0 Thread exited: 0x000001ef74c775c0
Event: 44.661 Thread 0x000001ef54007070 Thread added: 0x000001ef74c79050
Event: 44.662 Thread 0x000001ef5400a1e0 Thread added: 0x000001ef74c765d0


Dynamic libraries:
0x00007ff7b39f0000 - 0x00007ff7b39fe000 	C:\Users\cimeo\AppData\Roaming\Code\User\globalStorage\pleiades.java-extension-pack-jdk\java\17\bin\java.exe
0x00007fffa4840000 - 0x00007fffa4aa8000 	C:\WINDOWS\SYSTEM32\ntdll.dll
0x00007fffa2ee0000 - 0x00007fffa2fa9000 	C:\WINDOWS\System32\KERNEL32.DLL
0x00007fffa1bb0000 - 0x00007fffa1f9d000 	C:\WINDOWS\System32\KERNELBASE.dll
0x00007fff9e970000 - 0x00007fff9ea0e000 	C:\WINDOWS\SYSTEM32\apphelp.dll
0x00007fffa1fa0000 - 0x00007fffa20eb000 	C:\WINDOWS\System32\ucrtbase.dll
0x00007fff94680000 - 0x00007fff9469e000 	C:\Users\cimeo\AppData\Roaming\Code\User\globalStorage\pleiades.java-extension-pack-jdk\java\17\bin\VCRUNTIME140.dll
0x00007fff946a0000 - 0x00007fff946b7000 	C:\Users\cimeo\AppData\Roaming\Code\User\globalStorage\pleiades.java-extension-pack-jdk\java\17\bin\jli.dll
0x00007fffa4630000 - 0x00007fffa47fc000 	C:\WINDOWS\System32\USER32.dll
0x00007fff8f620000 - 0x00007fff8f8ba000 	C:\WINDOWS\WinSxS\amd64_microsoft.windows.common-controls_6595b64144ccf1df_6.0.26100.4484_none_3e0e6d4ce32ef3b3\COMCTL32.dll
0x00007fffa3570000 - 0x00007fffa3619000 	C:\WINDOWS\System32\msvcrt.dll
0x00007fffa20f0000 - 0x00007fffa2117000 	C:\WINDOWS\System32\win32u.dll
0x00007fffa3b50000 - 0x00007fffa3b7b000 	C:\WINDOWS\System32\GDI32.dll
0x00007fffa21b0000 - 0x00007fffa22e7000 	C:\WINDOWS\System32\gdi32full.dll
0x00007fffa23b0000 - 0x00007fffa2453000 	C:\WINDOWS\System32\msvcp_win.dll
0x00007fffa2c40000 - 0x00007fffa2c6f000 	C:\WINDOWS\System32\IMM32.DLL
0x00007fff94670000 - 0x00007fff9467c000 	C:\Users\cimeo\AppData\Roaming\Code\User\globalStorage\pleiades.java-extension-pack-jdk\java\17\bin\vcruntime140_1.dll
0x00007fff7b0f0000 - 0x00007fff7b17d000 	C:\Users\cimeo\AppData\Roaming\Code\User\globalStorage\pleiades.java-extension-pack-jdk\java\17\bin\msvcp140.dll
0x00007fff540b0000 - 0x00007fff54d1b000 	C:\Users\cimeo\AppData\Roaming\Code\User\globalStorage\pleiades.java-extension-pack-jdk\java\17\bin\server\jvm.dll
0x00007fffa3800000 - 0x00007fffa38b4000 	C:\WINDOWS\System32\ADVAPI32.dll
0x00007fffa38c0000 - 0x00007fffa3966000 	C:\WINDOWS\System32\sechost.dll
0x00007fffa3d20000 - 0x00007fffa3e38000 	C:\WINDOWS\System32\RPCRT4.dll
0x00007fffa2b30000 - 0x00007fffa2ba4000 	C:\WINDOWS\System32\WS2_32.dll
0x00007fffa17e0000 - 0x00007fffa183e000 	C:\WINDOWS\SYSTEM32\POWRPROF.dll
0x00007fff9bcb0000 - 0x00007fff9bcbb000 	C:\WINDOWS\SYSTEM32\VERSION.dll
0x00007fff9bc70000 - 0x00007fff9bca5000 	C:\WINDOWS\SYSTEM32\WINMM.dll
0x00007fffa17c0000 - 0x00007fffa17d4000 	C:\WINDOWS\SYSTEM32\UMPDC.dll
0x00007fffa0730000 - 0x00007fffa074b000 	C:\WINDOWS\SYSTEM32\kernel.appcore.dll
0x00007fff94660000 - 0x00007fff9466a000 	C:\Users\cimeo\AppData\Roaming\Code\User\globalStorage\pleiades.java-extension-pack-jdk\java\17\bin\jimage.dll
0x00007fff95d00000 - 0x00007fff95f41000 	C:\WINDOWS\SYSTEM32\DBGHELP.DLL
0x00007fffa2fb0000 - 0x00007fffa3336000 	C:\WINDOWS\System32\combase.dll
0x00007fffa2c80000 - 0x00007fffa2d60000 	C:\WINDOWS\System32\OLEAUT32.dll
0x00007fff92070000 - 0x00007fff920b3000 	C:\WINDOWS\SYSTEM32\dbgcore.DLL
0x00007fffa1990000 - 0x00007fffa1a29000 	C:\WINDOWS\System32\bcryptPrimitives.dll
0x00007fff86340000 - 0x00007fff8634e000 	C:\Users\cimeo\AppData\Roaming\Code\User\globalStorage\pleiades.java-extension-pack-jdk\java\17\bin\instrument.dll
0x00007fff88640000 - 0x00007fff88665000 	C:\Users\cimeo\AppData\Roaming\Code\User\globalStorage\pleiades.java-extension-pack-jdk\java\17\bin\java.dll
0x00007fff6c050000 - 0x00007fff6c127000 	C:\Users\cimeo\AppData\Roaming\Code\User\globalStorage\pleiades.java-extension-pack-jdk\java\17\bin\jsvml.dll
0x00007fffa3e40000 - 0x00007fffa458a000 	C:\WINDOWS\System32\SHELL32.dll
0x00007fffa1a30000 - 0x00007fffa1ba4000 	C:\WINDOWS\System32\wintypes.dll
0x00007fff9f5d0000 - 0x00007fff9fe2b000 	C:\WINDOWS\SYSTEM32\windows.storage.dll
0x00007fffa3470000 - 0x00007fffa3565000 	C:\WINDOWS\System32\SHCORE.dll
0x00007fffa45c0000 - 0x00007fffa462a000 	C:\WINDOWS\System32\shlwapi.dll
0x00007fffa18a0000 - 0x00007fffa18cf000 	C:\WINDOWS\SYSTEM32\profapi.dll
0x00007fff88790000 - 0x00007fff887a8000 	C:\Users\cimeo\AppData\Roaming\Code\User\globalStorage\pleiades.java-extension-pack-jdk\java\17\bin\zip.dll
0x00007fff94560000 - 0x00007fff94579000 	C:\Users\cimeo\AppData\Roaming\Code\User\globalStorage\pleiades.java-extension-pack-jdk\java\17\bin\net.dll
0x00007fff98dc0000 - 0x00007fff98ede000 	C:\WINDOWS\SYSTEM32\WINHTTP.dll
0x00007fffa0cc0000 - 0x00007fffa0d2a000 	C:\WINDOWS\system32\mswsock.dll
0x00007fff8b660000 - 0x00007fff8b676000 	C:\Users\cimeo\AppData\Roaming\Code\User\globalStorage\pleiades.java-extension-pack-jdk\java\17\bin\nio.dll
0x00007fff945e0000 - 0x00007fff945f0000 	C:\Users\cimeo\AppData\Roaming\Code\User\globalStorage\pleiades.java-extension-pack-jdk\java\17\bin\verify.dll
0x00007fff800e0000 - 0x00007fff80107000 	C:\Users\cimeo\.gradle\native\1def1411415f61bf3af743bc5b6707747c0891f09f0c88961ee8f79bc544acac\windows-amd64\native-platform.dll
0x00007fff581e0000 - 0x00007fff58258000 	C:\Users\cimeo\.gradle\native\0.2.7\x86_64-windows-gnu\gradle-fileevents.dll
0x00007fff86390000 - 0x00007fff8639a000 	C:\Users\cimeo\AppData\Roaming\Code\User\globalStorage\pleiades.java-extension-pack-jdk\java\17\bin\management.dll
0x00007fff86380000 - 0x00007fff8638b000 	C:\Users\cimeo\AppData\Roaming\Code\User\globalStorage\pleiades.java-extension-pack-jdk\java\17\bin\management_ext.dll
0x00007fffa3620000 - 0x00007fffa3628000 	C:\WINDOWS\System32\PSAPI.DLL
0x00007fffa0190000 - 0x00007fffa01c3000 	C:\WINDOWS\SYSTEM32\IPHLPAPI.DLL
0x00007fffa25e0000 - 0x00007fffa25ea000 	C:\WINDOWS\System32\NSI.dll
0x00007fff9bbd0000 - 0x00007fff9bbef000 	C:\WINDOWS\SYSTEM32\dhcpcsvc6.DLL
0x00007fff9bb60000 - 0x00007fff9bb85000 	C:\WINDOWS\SYSTEM32\dhcpcsvc.DLL
0x00007fffa01d0000 - 0x00007fffa02f6000 	C:\WINDOWS\SYSTEM32\DNSAPI.dll
0x00007fff88760000 - 0x00007fff88769000 	C:\Users\cimeo\AppData\Roaming\Code\User\globalStorage\pleiades.java-extension-pack-jdk\java\17\bin\extnet.dll
0x00007fffa0f70000 - 0x00007fffa0f8b000 	C:\WINDOWS\SYSTEM32\CRYPTSP.dll
0x00007fffa0690000 - 0x00007fffa06cb000 	C:\WINDOWS\system32\rsaenh.dll
0x00007fffa0d60000 - 0x00007fffa0d8b000 	C:\WINDOWS\SYSTEM32\USERENV.dll
0x00007fffa1870000 - 0x00007fffa1896000 	C:\WINDOWS\SYSTEM32\bcrypt.dll
0x00007fffa0f90000 - 0x00007fffa0f9c000 	C:\WINDOWS\SYSTEM32\CRYPTBASE.dll
0x00007fff8b300000 - 0x00007fff8b30e000 	C:\Users\cimeo\AppData\Roaming\Code\User\globalStorage\pleiades.java-extension-pack-jdk\java\17\bin\sunmscapi.dll
0x00007fffa2460000 - 0x00007fffa25d7000 	C:\WINDOWS\System32\CRYPT32.dll
0x00007fffa1190000 - 0x00007fffa11c0000 	C:\WINDOWS\SYSTEM32\ncrypt.dll
0x00007fffa1140000 - 0x00007fffa117f000 	C:\WINDOWS\SYSTEM32\NTASN1.dll
0x00007fff267a0000 - 0x00007fff267a8000 	C:\WINDOWS\system32\wshunix.dll

dbghelp: loaded successfully - version: 4.0.5 - missing functions: none
symbol engine: initialized successfully - sym options: 0x614 - pdb path: .;C:\Users\cimeo\AppData\Roaming\Code\User\globalStorage\pleiades.java-extension-pack-jdk\java\17\bin;C:\WINDOWS\SYSTEM32;C:\WINDOWS\WinSxS\amd64_microsoft.windows.common-controls_6595b64144ccf1df_6.0.26100.4484_none_3e0e6d4ce32ef3b3;C:\Users\cimeo\AppData\Roaming\Code\User\globalStorage\pleiades.java-extension-pack-jdk\java\17\bin\server;C:\Users\cimeo\.gradle\native\1def1411415f61bf3af743bc5b6707747c0891f09f0c88961ee8f79bc544acac\windows-amd64;C:\Users\cimeo\.gradle\native\0.2.7\x86_64-windows-gnu

VM Arguments:
jvm_args: --add-opens=java.base/java.lang=ALL-UNNAMED --add-opens=java.base/java.lang.invoke=ALL-UNNAMED --add-opens=java.base/java.util=ALL-UNNAMED --add-opens=java.prefs/java.util.prefs=ALL-UNNAMED --add-exports=jdk.compiler/com.sun.tools.javac.api=ALL-UNNAMED --add-exports=jdk.compiler/com.sun.tools.javac.util=ALL-UNNAMED --add-opens=java.base/java.util=ALL-UNNAMED --add-opens=java.prefs/java.util.prefs=ALL-UNNAMED --add-opens=java.base/java.nio.charset=ALL-UNNAMED --add-opens=java.base/java.net=ALL-UNNAMED --add-opens=java.base/java.util.concurrent.atomic=ALL-UNNAMED --add-opens=java.xml/javax.xml.namespace=ALL-UNNAMED -XX:MaxMetaspaceSize=512m -Xmx2048m -Dfile.encoding=windows-1252 -Duser.country=GB -Duser.language=en -Duser.variant -javaagent:C:\Users\cimeo\.gradle\wrapper\dists\gradle-8.14.1-bin\baw1sv0jfoi8rxs14qo3h49cs\gradle-8.14.1\lib\agents\gradle-instrumentation-agent-8.14.1.jar 
java_command: org.gradle.launcher.daemon.bootstrap.GradleDaemon 8.14.1
java_class_path (initial): C:\Users\cimeo\.gradle\wrapper\dists\gradle-8.14.1-bin\baw1sv0jfoi8rxs14qo3h49cs\gradle-8.14.1\lib\gradle-daemon-main-8.14.1.jar
Launcher Type: SUN_STANDARD

[Global flags]
     intx CICompilerCount                          = 4                                         {product} {ergonomic}
   size_t CompressedClassSpaceSize                 = 436207616                                 {product} {ergonomic}
     uint ConcGCThreads                            = 2                                         {product} {ergonomic}
     uint G1ConcRefinementThreads                  = 8                                         {product} {ergonomic}
   size_t G1HeapRegionSize                         = 1048576                                   {product} {ergonomic}
    uintx GCDrainStackTargetSize                   = 64                                        {product} {ergonomic}
   size_t InitialHeapSize                          = 121634816                                 {product} {ergonomic}
   size_t MarkStackSize                            = 4194304                                   {product} {ergonomic}
   size_t MaxHeapSize                              = 2147483648                                {product} {command line}
   size_t MaxMetaspaceSize                         = 536870912                                 {product} {command line}
   size_t MaxNewSize                               = 1287651328                                {product} {ergonomic}
   size_t MinHeapDeltaBytes                        = 1048576                                   {product} {ergonomic}
   size_t MinHeapSize                              = 8388608                                   {product} {ergonomic}
    uintx NonNMethodCodeHeapSize                   = 5839372                                {pd product} {ergonomic}
    uintx NonProfiledCodeHeapSize                  = 122909434                              {pd product} {ergonomic}
    uintx ProfiledCodeHeapSize                     = 122909434                              {pd product} {ergonomic}
    uintx ReservedCodeCacheSize                    = 251658240                              {pd product} {ergonomic}
     bool SegmentedCodeCache                       = true                                      {product} {ergonomic}
   size_t SoftMaxHeapSize                          = 2147483648                             {manageable} {ergonomic}
     bool UseCompressedClassPointers               = true                           {product lp64_product} {ergonomic}
     bool UseCompressedOops                        = true                           {product lp64_product} {ergonomic}
     bool UseG1GC                                  = true                                      {product} {ergonomic}
     bool UseLargePagesIndividualAllocation        = false                                  {pd product} {ergonomic}

Logging:
Log output configuration:
 #0: stdout all=warning uptime,level,tags
 #1: stderr all=off uptime,level,tags

Environment Variables:
JAVA_HOME=C:\Users\cimeo\AppData\Roaming\Code\User\globalStorage\pleiades.java-extension-pack-jdk\java\17
PATH=C:\Users\cimeo\OneDrive\Desktop\Ireport_FE\StudentIReport\node_modules\.bin;C:\Users\cimeo\OneDrive\Desktop\Ireport_FE\StudentIReport\node_modules\.bin;C:\Users\cimeo\OneDrive\Desktop\Ireport_FE\node_modules\.bin;C:\Users\cimeo\OneDrive\Desktop\node_modules\.bin;C:\Users\cimeo\OneDrive\node_modules\.bin;C:\Users\cimeo\node_modules\.bin;C:\Users\node_modules\.bin;C:\node_modules\.bin;C:\Program Files\nodejs\node_modules\npm\node_modules\@npmcli\run-script\lib\node-gyp-bin;C:\Users\cimeo\AppData\Roaming\Code\User\globalStorage\pleiades.java-extension-pack-jdk\gradle\latest\bin;C:\Users\cimeo\AppData\Roaming\Code\User\globalStorage\pleiades.java-extension-pack-jdk\maven\latest\bin;C:\Users\cimeo\AppData\Roaming\Code\User\globalStorage\pleiades.java-extension-pack-jdk\java\17\bin;C:\Program Files\Eclipse Adoptium\jdk-17.0.15.6-hotspot\bin;C:\Program Files\Common Files\Oracle\Java\javapath;C:\Python313\Scripts\;C:\Python313\;C:\Program Files\Eclipse Adoptium\jdk-21.0.6.7-hotspot\bin;C:\Program Files (x86)\Common Files\Oracle\Java\java8path;C:\Program Files (x86)\Common Files\Oracle\Java\javapath;C:\WINDOWS\system32;C:\WINDOWS;C:\WINDOWS\System32\Wbem;C:\WINDOWS\System32\WindowsPowerShell\v1.0\;C:\WINDOWS\System32\OpenSSH\;C:\Program Files\Git\cmd;C:\Program Files\Microsoft SQL Server\150\Tools\Binn\;C:\Program Files\Microsoft SQL Server\Client SDK\ODBC\170\Tools\Binn\;C:\Program Files\dotnet\;C:\Program Files\nodejs\;C:\ProgramData\chocolatey\bin;C:\Users\cimeo\AppData\Local\Android\Sdk\platform-tools;C:\Users\cimeo\AppData\Local\Android\Sdk\tools;C:\Users\cimeo\AppData\Local\Android\Sdk\tools\bin;C:\Users\cimeo\AppData\Local\Programs\Python\Python310\Scripts\;C:\Users\cimeo\AppData\Local\Programs\Python\Python310\;C:\Users\cimeo\AppData\Local\Microsoft\WindowsApps;C:\Users\cimeo\AppData\Local\Programs\Microsoft VS Code\bin;C:\sqlite;C:\Users\cimeo\.dotnet\tools;C:\Users\cimeo\AppData\Roaming\npm;C:\Program Files\Eclipse Adoptium\jdk-17.0.15.6-hotspot\bin;
USERNAME=cimeo
LANG=en_US.UTF-8
OS=Windows_NT
PROCESSOR_IDENTIFIER=AMD64 Family 23 Model 160 Stepping 0, AuthenticAMD
TMP=C:\Users\cimeo\AppData\Local\Temp
TEMP=C:\Users\cimeo\AppData\Local\Temp



Periodic native trim disabled


---------------  S Y S T E M  ---------------

OS:
 Windows 11 , 64 bit Build 26100 (10.0.26100.4484)
OS uptime: 2 days 14:05 hours
Hyper-V role detected

CPU: total 8 (initial active 8) (8 cores per cpu, 2 threads per core) family 23 model 160 stepping 0 microcode 0x8a00006, cx8, cmov, fxsr, ht, mmx, 3dnowpref, sse, sse2, sse3, ssse3, sse4a, sse4.1, sse4.2, popcnt, lzcnt, tsc, tscinvbit, avx, avx2, aes, clmul, bmi1, bmi2, adx, sha, fma, vzeroupper, clflush, clflushopt, hv
Processor Information for all 8 processors :
  Max Mhz: 2401, Current Mhz: 2401, Mhz Limit: 2401

Memory: 4k page, system-wide physical 7413M (1160M free)
TotalPageFile size 29941M (AvailPageFile size 20M)
current process WorkingSet (physical memory assigned to process): 388M, peak: 413M
current process commit charge ("private bytes"): 523M, peak: 553M

vm_info: OpenJDK 64-Bit Server VM (17.0.15+6) for windows-amd64 JRE (17.0.15+6), built on Apr 15 2025 21:25:47 by "admin" with MS VC++ 17.7 (VS2022)

END.
